2020-04-14 07:54:51,505: Initialized
2020-04-14 07:54:54,845: Initialized
2020-04-14 07:54:54,845: Initialized
2020-04-14 07:54:57,773: Scraped 50 new tweets
2020-04-14 07:54:57,773: Scraped 50 new tweets
2020-04-14 07:55:00,680: Scraped 49 new tweets
2020-04-14 07:55:00,680: Scraped 49 new tweets
2020-04-14 07:55:03,701: Scraped 49 new tweets
2020-04-14 07:55:03,701: Scraped 49 new tweets
2020-04-14 07:55:06,457: Scraped 49 new tweets
2020-04-14 07:55:06,457: Scraped 49 new tweets
2020-04-14 07:55:10,132: Scraped 49 new tweets
2020-04-14 07:55:10,132: Scraped 49 new tweets
2020-04-14 07:55:13,002: Scraped 49 new tweets
2020-04-14 07:55:13,002: Scraped 49 new tweets
2020-04-14 07:55:15,855: Scraped 49 new tweets
2020-04-14 07:55:15,855: Scraped 49 new tweets
2020-04-14 07:55:18,722: Scraped 49 new tweets
2020-04-14 07:55:18,722: Scraped 49 new tweets
2020-04-14 07:55:22,598: Scraped 49 new tweets
2020-04-14 07:55:22,598: Scraped 49 new tweets
2020-04-14 07:55:25,622: Scraped 49 new tweets
2020-04-14 07:55:25,622: Scraped 49 new tweets
2020-04-14 07:55:28,506: Scraped 49 new tweets
2020-04-14 07:55:28,506: Scraped 49 new tweets
2020-04-14 07:55:31,536: Scraped 49 new tweets
2020-04-14 07:55:31,536: Scraped 49 new tweets
2020-04-14 07:55:34,276: Scraped 49 new tweets
2020-04-14 07:55:34,276: Scraped 49 new tweets
2020-04-14 07:55:37,056: Scraped 49 new tweets
2020-04-14 07:55:37,056: Scraped 49 new tweets
2020-04-14 07:55:39,704: Scraped 49 new tweets
2020-04-14 07:55:39,704: Scraped 49 new tweets
2020-04-14 07:55:42,731: Scraped 49 new tweets
2020-04-14 07:55:42,731: Scraped 49 new tweets
2020-04-14 07:55:45,695: Scraped 49 new tweets
2020-04-14 07:55:45,695: Scraped 49 new tweets
2020-04-14 07:56:02,974: Scraped 49 new tweets
2020-04-14 07:56:02,974: Scraped 49 new tweets
2020-04-14 07:56:05,858: Scraped 49 new tweets
2020-04-14 07:56:05,858: Scraped 49 new tweets
2020-04-14 07:56:08,987: Scraped 49 new tweets
2020-04-14 07:56:08,987: Scraped 49 new tweets
2020-04-14 07:56:11,949: Scraped 49 new tweets
2020-04-14 07:56:11,949: Scraped 49 new tweets
2020-04-14 07:56:15,121: Scraped 49 new tweets
2020-04-14 07:56:15,121: Scraped 49 new tweets
2020-04-14 07:56:24,933: Scraped 49 new tweets
2020-04-14 07:56:24,933: Scraped 49 new tweets
2020-04-14 07:56:28,857: Scraped 49 new tweets
2020-04-14 07:56:28,857: Scraped 49 new tweets
2020-04-14 07:56:32,015: Scraped 49 new tweets
2020-04-14 07:56:32,015: Scraped 49 new tweets
2020-04-14 07:56:34,822: Scraped 49 new tweets
2020-04-14 07:56:34,822: Scraped 49 new tweets
2020-04-14 07:56:38,488: Scraped 49 new tweets
2020-04-14 07:56:38,488: Scraped 49 new tweets
2020-04-14 07:56:41,573: Scraped 49 new tweets
2020-04-14 07:56:41,573: Scraped 49 new tweets
2020-04-14 07:56:44,900: Scraped 49 new tweets
2020-04-14 07:56:44,900: Scraped 49 new tweets
2020-04-14 07:56:48,206: Scraped 49 new tweets
2020-04-14 07:56:48,206: Scraped 49 new tweets
2020-04-14 07:56:51,373: Scraped 49 new tweets
2020-04-14 07:56:51,373: Scraped 49 new tweets
2020-04-14 07:56:54,687: Scraped 49 new tweets
2020-04-14 07:56:54,687: Scraped 49 new tweets
2020-04-14 07:57:03,433: Scraped 49 new tweets
2020-04-14 07:57:03,433: Scraped 49 new tweets
2020-04-14 07:57:06,621: Scraped 49 new tweets
2020-04-14 07:57:06,621: Scraped 49 new tweets
2020-04-14 07:57:09,573: Scraped 49 new tweets
2020-04-14 07:57:09,573: Scraped 49 new tweets
2020-04-14 07:57:12,771: Scraped 49 new tweets
2020-04-14 07:57:12,771: Scraped 49 new tweets
2020-04-14 07:57:15,828: Scraped 49 new tweets
2020-04-14 07:57:15,828: Scraped 49 new tweets
2020-04-14 07:57:18,749: Scraped 49 new tweets
2020-04-14 07:57:18,749: Scraped 49 new tweets
2020-04-14 07:57:21,878: Scraped 49 new tweets
2020-04-14 07:57:21,878: Scraped 49 new tweets
2020-04-14 07:57:24,863: Scraped 49 new tweets
2020-04-14 07:57:24,863: Scraped 49 new tweets
2020-04-14 07:57:27,706: Scraped 49 new tweets
2020-04-14 07:57:27,706: Scraped 49 new tweets
2020-04-14 07:57:30,272: Scraped 49 new tweets
2020-04-14 07:57:30,272: Scraped 49 new tweets
2020-04-14 07:57:36,500: Scraped 49 new tweets
2020-04-14 07:57:36,500: Scraped 49 new tweets
2020-04-14 07:57:39,713: Scraped 49 new tweets
2020-04-14 07:57:39,713: Scraped 49 new tweets
2020-04-14 07:57:42,815: Scraped 49 new tweets
2020-04-14 07:57:42,815: Scraped 49 new tweets
2020-04-14 07:57:45,428: Scraped 49 new tweets
2020-04-14 07:57:45,428: Scraped 49 new tweets
2020-04-14 07:57:48,403: Scraped 49 new tweets
2020-04-14 07:57:48,403: Scraped 49 new tweets
2020-04-14 07:57:51,066: Scraped 49 new tweets
2020-04-14 07:57:51,066: Scraped 49 new tweets
2020-04-14 07:57:54,311: Scraped 49 new tweets
2020-04-14 07:57:54,311: Scraped 49 new tweets
2020-04-14 07:57:57,231: Scraped 49 new tweets
2020-04-14 07:57:57,231: Scraped 49 new tweets
2020-04-14 07:57:59,930: Scraped 49 new tweets
2020-04-14 07:57:59,930: Scraped 49 new tweets
2020-04-14 07:58:02,530: Scraped 49 new tweets
2020-04-14 07:58:02,530: Scraped 49 new tweets
2020-04-14 07:58:05,169: Scraped 49 new tweets
2020-04-14 07:58:05,169: Scraped 49 new tweets
2020-04-14 07:58:07,637: Scraped 49 new tweets
2020-04-14 07:58:07,637: Scraped 49 new tweets
2020-04-14 07:58:10,041: Scraped 49 new tweets
2020-04-14 07:58:10,041: Scraped 49 new tweets
2020-04-14 07:58:12,774: Scraped 49 new tweets
2020-04-14 07:58:12,774: Scraped 49 new tweets
2020-04-14 07:58:15,438: Scraped 49 new tweets
2020-04-14 07:58:15,438: Scraped 49 new tweets
2020-04-14 07:58:18,040: Scraped 49 new tweets
2020-04-14 07:58:18,040: Scraped 49 new tweets
2020-04-14 07:58:20,870: Scraped 49 new tweets
2020-04-14 07:58:20,870: Scraped 49 new tweets
2020-04-14 07:58:23,653: Scraped 49 new tweets
2020-04-14 07:58:23,653: Scraped 49 new tweets
2020-04-14 07:58:26,487: Scraped 49 new tweets
2020-04-14 07:58:26,487: Scraped 49 new tweets
2020-04-14 07:58:29,034: Scraped 49 new tweets
2020-04-14 07:58:29,034: Scraped 49 new tweets
2020-04-14 07:58:31,493: Scraped 49 new tweets
2020-04-14 07:58:31,493: Scraped 49 new tweets
2020-04-14 07:58:34,157: Scraped 49 new tweets
2020-04-14 07:58:34,157: Scraped 49 new tweets
2020-04-14 07:58:36,699: Scraped 49 new tweets
2020-04-14 07:58:36,699: Scraped 49 new tweets
2020-04-14 07:58:39,188: Scraped 49 new tweets
2020-04-14 07:58:39,188: Scraped 49 new tweets
2020-04-14 07:58:41,975: Scraped 49 new tweets
2020-04-14 07:58:41,975: Scraped 49 new tweets
2020-04-14 07:58:44,644: Scraped 49 new tweets
2020-04-14 07:58:44,644: Scraped 49 new tweets
2020-04-14 07:58:47,335: Scraped 49 new tweets
2020-04-14 07:58:47,335: Scraped 49 new tweets
2020-04-14 07:58:49,741: Scraped 49 new tweets
2020-04-14 07:58:49,741: Scraped 49 new tweets
2020-04-14 07:58:52,225: Scraped 49 new tweets
2020-04-14 07:58:52,225: Scraped 49 new tweets
2020-04-14 07:58:54,617: Scraped 49 new tweets
2020-04-14 07:58:54,617: Scraped 49 new tweets
2020-04-14 07:58:57,217: Scraped 49 new tweets
2020-04-14 07:58:57,217: Scraped 49 new tweets
2020-04-14 07:58:59,831: Scraped 49 new tweets
2020-04-14 07:58:59,831: Scraped 49 new tweets
2020-04-14 07:59:02,312: Scraped 49 new tweets
2020-04-14 07:59:02,312: Scraped 49 new tweets
2020-04-14 07:59:05,047: Scraped 49 new tweets
2020-04-14 07:59:05,047: Scraped 49 new tweets
2020-04-14 07:59:07,852: Scraped 49 new tweets
2020-04-14 07:59:07,852: Scraped 49 new tweets
2020-04-14 07:59:10,508: Scraped 49 new tweets
2020-04-14 07:59:10,508: Scraped 49 new tweets
2020-04-14 07:59:13,498: Scraped 49 new tweets
2020-04-14 07:59:13,498: Scraped 49 new tweets
2020-04-14 07:59:16,054: Scraped 49 new tweets
2020-04-14 07:59:16,054: Scraped 49 new tweets
2020-04-14 07:59:18,786: Scraped 49 new tweets
2020-04-14 07:59:18,786: Scraped 49 new tweets
2020-04-14 07:59:21,594: Scraped 49 new tweets
2020-04-14 07:59:21,594: Scraped 49 new tweets
2020-04-14 07:59:24,497: Scraped 49 new tweets
2020-04-14 07:59:24,497: Scraped 49 new tweets
2020-04-14 07:59:27,010: Scraped 49 new tweets
2020-04-14 07:59:27,010: Scraped 49 new tweets
2020-04-14 07:59:29,544: Scraped 49 new tweets
2020-04-14 07:59:29,544: Scraped 49 new tweets
2020-04-14 07:59:32,305: Scraped 49 new tweets
2020-04-14 07:59:32,305: Scraped 49 new tweets
2020-04-14 07:59:34,951: Scraped 49 new tweets
2020-04-14 07:59:34,951: Scraped 49 new tweets
2020-04-14 07:59:37,926: Scraped 49 new tweets
2020-04-14 07:59:37,926: Scraped 49 new tweets
2020-04-14 07:59:40,548: Scraped 49 new tweets
2020-04-14 07:59:40,548: Scraped 49 new tweets
2020-04-14 07:59:43,242: Scraped 49 new tweets
2020-04-14 07:59:43,242: Scraped 49 new tweets
2020-04-14 07:59:45,953: Scraped 49 new tweets
2020-04-14 07:59:45,953: Scraped 49 new tweets
2020-04-14 07:59:48,913: Scraped 49 new tweets
2020-04-14 07:59:48,913: Scraped 49 new tweets
2020-04-14 07:59:51,493: Scraped 49 new tweets
2020-04-14 07:59:51,493: Scraped 49 new tweets
2020-04-14 07:59:53,929: Scraped 49 new tweets
2020-04-14 07:59:53,929: Scraped 49 new tweets
2020-04-14 07:59:56,377: Scraped 49 new tweets
2020-04-14 07:59:56,377: Scraped 49 new tweets
2020-04-14 07:59:59,061: Scraped 49 new tweets
2020-04-14 07:59:59,061: Scraped 49 new tweets
2020-04-14 08:00:01,637: Scraped 49 new tweets
2020-04-14 08:00:01,637: Scraped 49 new tweets
2020-04-14 08:00:05,013: Scraped 49 new tweets
2020-04-14 08:00:05,013: Scraped 49 new tweets
2020-04-14 08:00:07,677: Scraped 49 new tweets
2020-04-14 08:00:07,677: Scraped 49 new tweets
2020-04-14 08:00:10,422: Scraped 49 new tweets
2020-04-14 08:00:10,422: Scraped 49 new tweets
2020-04-14 08:00:13,260: Scraped 49 new tweets
2020-04-14 08:00:13,260: Scraped 49 new tweets
2020-04-14 08:00:15,882: Scraped 49 new tweets
2020-04-14 08:00:15,882: Scraped 49 new tweets
2020-04-14 08:00:18,298: Scraped 49 new tweets
2020-04-14 08:00:18,298: Scraped 49 new tweets
2020-04-14 08:00:21,153: Scraped 49 new tweets
2020-04-14 08:00:21,153: Scraped 49 new tweets
2020-04-14 08:00:23,782: Scraped 49 new tweets
2020-04-14 08:00:23,782: Scraped 49 new tweets
2020-04-14 08:00:26,428: Scraped 49 new tweets
2020-04-14 08:00:26,428: Scraped 49 new tweets
2020-04-14 08:00:29,101: Scraped 49 new tweets
2020-04-14 08:00:29,101: Scraped 49 new tweets
2020-04-14 08:00:31,703: Scraped 49 new tweets
2020-04-14 08:00:31,703: Scraped 49 new tweets
2020-04-14 08:00:34,683: Scraped 49 new tweets
2020-04-14 08:00:34,683: Scraped 49 new tweets
2020-04-14 08:00:38,477: Scraped 49 new tweets
2020-04-14 08:00:38,477: Scraped 49 new tweets
2020-04-14 08:00:41,262: Scraped 49 new tweets
2020-04-14 08:00:41,262: Scraped 49 new tweets
2020-04-14 08:00:44,415: Scraped 49 new tweets
2020-04-14 08:00:44,415: Scraped 49 new tweets
2020-04-14 08:10:02,397: Scraped 49 new tweets
2020-04-14 08:10:02,397: Scraped 49 new tweets
2020-04-14 08:10:04,746: Scraped 49 new tweets
2020-04-14 08:10:04,746: Scraped 49 new tweets
2020-04-14 08:10:07,194: Scraped 49 new tweets
2020-04-14 08:10:07,194: Scraped 49 new tweets
2020-04-14 08:10:09,874: Scraped 49 new tweets
2020-04-14 08:10:09,874: Scraped 49 new tweets
2020-04-14 08:10:12,537: Scraped 49 new tweets
2020-04-14 08:10:12,537: Scraped 49 new tweets
2020-04-14 08:10:15,067: Scraped 49 new tweets
2020-04-14 08:10:15,067: Scraped 49 new tweets
2020-04-14 08:10:17,434: Scraped 49 new tweets
2020-04-14 08:10:17,434: Scraped 49 new tweets
2020-04-14 08:10:20,197: Scraped 49 new tweets
2020-04-14 08:10:20,197: Scraped 49 new tweets
2020-04-14 08:10:22,875: Scraped 49 new tweets
2020-04-14 08:10:22,875: Scraped 49 new tweets
2020-04-14 08:10:25,499: Scraped 49 new tweets
2020-04-14 08:10:25,499: Scraped 49 new tweets
2020-04-14 08:10:27,997: Scraped 49 new tweets
2020-04-14 08:10:27,997: Scraped 49 new tweets
2020-04-14 08:10:30,662: Scraped 49 new tweets
2020-04-14 08:10:30,662: Scraped 49 new tweets
2020-04-14 08:10:33,116: Scraped 49 new tweets
2020-04-14 08:10:33,116: Scraped 49 new tweets
2020-04-14 08:10:35,779: Scraped 49 new tweets
2020-04-14 08:10:35,779: Scraped 49 new tweets
2020-04-14 08:10:38,534: Scraped 49 new tweets
2020-04-14 08:10:38,534: Scraped 49 new tweets
2020-04-14 08:10:41,309: Scraped 49 new tweets
2020-04-14 08:10:41,309: Scraped 49 new tweets
2020-04-14 08:10:43,873: Scraped 49 new tweets
2020-04-14 08:10:43,873: Scraped 49 new tweets
2020-04-14 08:10:46,534: Scraped 49 new tweets
2020-04-14 08:10:46,534: Scraped 49 new tweets
2020-04-14 08:10:49,171: Scraped 49 new tweets
2020-04-14 08:10:49,171: Scraped 49 new tweets
2020-04-14 08:10:51,653: Scraped 49 new tweets
2020-04-14 08:10:51,653: Scraped 49 new tweets
2020-04-14 08:10:54,147: Scraped 49 new tweets
2020-04-14 08:10:54,147: Scraped 49 new tweets
2020-04-14 08:10:56,566: Scraped 49 new tweets
2020-04-14 08:10:56,566: Scraped 49 new tweets
2020-04-14 08:10:59,127: Scraped 49 new tweets
2020-04-14 08:10:59,127: Scraped 49 new tweets
2020-04-14 08:11:01,759: Scraped 49 new tweets
2020-04-14 08:11:01,759: Scraped 49 new tweets
2020-04-14 08:11:04,457: Scraped 49 new tweets
2020-04-14 08:11:04,457: Scraped 49 new tweets
2020-04-14 08:11:07,021: Scraped 49 new tweets
2020-04-14 08:11:07,021: Scraped 49 new tweets
2020-04-14 08:11:09,786: Scraped 49 new tweets
2020-04-14 08:11:09,786: Scraped 49 new tweets
2020-04-14 08:11:12,547: Scraped 49 new tweets
2020-04-14 08:11:12,547: Scraped 49 new tweets
2020-04-14 08:11:15,913: Scraped 49 new tweets
2020-04-14 08:11:15,913: Scraped 49 new tweets
2020-04-14 08:11:18,761: Scraped 49 new tweets
2020-04-14 08:11:18,761: Scraped 49 new tweets
2020-04-14 08:11:21,422: Scraped 49 new tweets
2020-04-14 08:11:21,422: Scraped 49 new tweets
2020-04-14 08:11:24,110: Scraped 49 new tweets
2020-04-14 08:11:24,110: Scraped 49 new tweets
2020-04-14 08:11:26,672: Scraped 49 new tweets
2020-04-14 08:11:26,672: Scraped 49 new tweets
2020-04-14 08:11:30,536: Scraped 49 new tweets
2020-04-14 08:11:30,536: Scraped 49 new tweets
2020-04-14 08:11:33,293: Scraped 49 new tweets
2020-04-14 08:11:33,293: Scraped 49 new tweets
2020-04-14 08:11:35,760: Scraped 49 new tweets
2020-04-14 08:11:35,760: Scraped 49 new tweets
2020-04-14 08:11:38,247: Scraped 49 new tweets
2020-04-14 08:11:38,247: Scraped 49 new tweets
2020-04-14 08:11:40,917: Scraped 49 new tweets
2020-04-14 08:11:40,917: Scraped 49 new tweets
2020-04-14 08:11:43,685: Scraped 49 new tweets
2020-04-14 08:11:43,685: Scraped 49 new tweets
2020-04-14 08:11:46,235: Scraped 49 new tweets
2020-04-14 08:11:46,235: Scraped 49 new tweets
2020-04-14 08:11:48,990: Scraped 49 new tweets
2020-04-14 08:11:48,990: Scraped 49 new tweets
2020-04-14 08:11:51,671: Scraped 49 new tweets
2020-04-14 08:11:51,671: Scraped 49 new tweets
2020-04-14 08:11:54,506: Scraped 49 new tweets
2020-04-14 08:11:54,506: Scraped 49 new tweets
2020-04-14 08:11:57,193: Scraped 49 new tweets
2020-04-14 08:11:57,193: Scraped 49 new tweets
2020-04-14 08:11:59,960: Scraped 49 new tweets
2020-04-14 08:11:59,960: Scraped 49 new tweets
2020-04-14 08:12:02,621: Scraped 49 new tweets
2020-04-14 08:12:02,621: Scraped 49 new tweets
2020-04-14 08:12:05,157: Scraped 49 new tweets
2020-04-14 08:12:05,157: Scraped 49 new tweets
2020-04-14 08:12:07,849: Scraped 49 new tweets
2020-04-14 08:12:07,849: Scraped 49 new tweets
2020-04-14 08:12:10,605: Scraped 49 new tweets
2020-04-14 08:12:10,605: Scraped 49 new tweets
2020-04-14 08:12:13,234: Scraped 49 new tweets
2020-04-14 08:12:13,234: Scraped 49 new tweets
2020-04-14 08:12:15,936: Scraped 49 new tweets
2020-04-14 08:12:15,936: Scraped 49 new tweets
2020-04-14 08:12:18,801: Scraped 49 new tweets
2020-04-14 08:12:18,801: Scraped 49 new tweets
2020-04-14 08:12:21,325: Scraped 49 new tweets
2020-04-14 08:12:21,325: Scraped 49 new tweets
2020-04-14 08:12:23,922: Scraped 49 new tweets
2020-04-14 08:12:23,922: Scraped 49 new tweets
2020-04-14 08:12:26,478: Scraped 49 new tweets
2020-04-14 08:12:26,478: Scraped 49 new tweets
2020-04-14 08:12:28,949: Scraped 49 new tweets
2020-04-14 08:12:28,949: Scraped 49 new tweets
2020-04-14 08:12:31,350: Scraped 49 new tweets
2020-04-14 08:12:31,350: Scraped 49 new tweets
2020-04-14 08:12:33,526: Scraped 49 new tweets
2020-04-14 08:12:33,526: Scraped 49 new tweets
2020-04-14 08:12:36,108: Scraped 49 new tweets
2020-04-14 08:12:36,108: Scraped 49 new tweets
2020-04-14 08:12:39,143: Scraped 49 new tweets
2020-04-14 08:12:39,143: Scraped 49 new tweets
2020-04-14 08:12:41,843: Scraped 49 new tweets
2020-04-14 08:12:41,843: Scraped 49 new tweets
2020-04-14 08:12:44,609: Scraped 49 new tweets
2020-04-14 08:12:44,609: Scraped 49 new tweets
2020-04-14 08:12:47,371: Scraped 49 new tweets
2020-04-14 08:12:47,371: Scraped 49 new tweets
2020-04-14 08:12:50,003: Scraped 49 new tweets
2020-04-14 08:12:50,003: Scraped 49 new tweets
2020-04-14 08:12:52,794: Scraped 49 new tweets
2020-04-14 08:12:52,794: Scraped 49 new tweets
2020-04-14 08:12:55,538: Scraped 49 new tweets
2020-04-14 08:12:55,538: Scraped 49 new tweets
2020-04-14 08:12:58,089: Scraped 49 new tweets
2020-04-14 08:12:58,089: Scraped 49 new tweets
2020-04-14 08:13:00,880: Scraped 49 new tweets
2020-04-14 08:13:00,880: Scraped 49 new tweets
2020-04-14 08:13:03,620: Scraped 49 new tweets
2020-04-14 08:13:03,620: Scraped 49 new tweets
2020-04-14 08:13:06,180: Scraped 49 new tweets
2020-04-14 08:13:06,180: Scraped 49 new tweets
2020-04-14 08:13:08,875: Scraped 49 new tweets
2020-04-14 08:13:08,875: Scraped 49 new tweets
2020-04-14 08:13:11,723: Scraped 49 new tweets
2020-04-14 08:13:11,723: Scraped 49 new tweets
2020-04-14 08:13:14,502: Scraped 49 new tweets
2020-04-14 08:13:14,502: Scraped 49 new tweets
2020-04-14 08:13:17,276: Scraped 49 new tweets
2020-04-14 08:13:17,276: Scraped 49 new tweets
2020-04-14 08:13:20,147: Scraped 49 new tweets
2020-04-14 08:13:20,147: Scraped 49 new tweets
2020-04-14 08:13:22,699: Scraped 49 new tweets
2020-04-14 08:13:22,699: Scraped 49 new tweets
2020-04-14 08:13:25,570: Scraped 49 new tweets
2020-04-14 08:13:25,570: Scraped 49 new tweets
2020-04-14 08:13:28,439: Scraped 49 new tweets
2020-04-14 08:13:28,439: Scraped 49 new tweets
2020-04-14 08:13:31,199: Scraped 49 new tweets
2020-04-14 08:13:31,199: Scraped 49 new tweets
2020-04-14 08:13:34,342: Scraped 49 new tweets
2020-04-14 08:13:34,342: Scraped 49 new tweets
2020-04-14 08:13:36,939: Scraped 49 new tweets
2020-04-14 08:13:36,939: Scraped 49 new tweets
2020-04-14 08:13:39,578: Scraped 49 new tweets
2020-04-14 08:13:39,578: Scraped 49 new tweets
2020-04-14 08:13:42,156: Scraped 49 new tweets
2020-04-14 08:13:42,156: Scraped 49 new tweets
2020-04-14 08:13:44,606: Scraped 49 new tweets
2020-04-14 08:13:44,606: Scraped 49 new tweets
2020-04-14 08:13:47,189: Scraped 49 new tweets
2020-04-14 08:13:47,189: Scraped 49 new tweets
2020-04-14 08:13:49,903: Scraped 49 new tweets
2020-04-14 08:13:49,903: Scraped 49 new tweets
2020-04-14 08:13:52,799: Scraped 49 new tweets
2020-04-14 08:13:52,799: Scraped 49 new tweets
2020-04-14 08:13:55,640: Scraped 49 new tweets
2020-04-14 08:13:55,640: Scraped 49 new tweets
2020-04-14 08:13:58,236: Scraped 49 new tweets
2020-04-14 08:13:58,236: Scraped 49 new tweets
2020-04-14 08:14:01,165: Scraped 49 new tweets
2020-04-14 08:14:01,165: Scraped 49 new tweets
2020-04-14 08:14:03,762: Scraped 49 new tweets
2020-04-14 08:14:03,762: Scraped 49 new tweets
2020-04-14 08:14:06,528: Scraped 49 new tweets
2020-04-14 08:14:06,528: Scraped 49 new tweets
2020-04-14 08:14:08,958: Scraped 49 new tweets
2020-04-14 08:14:08,958: Scraped 49 new tweets
2020-04-14 08:14:11,431: Scraped 49 new tweets
2020-04-14 08:14:11,431: Scraped 49 new tweets
2020-04-14 08:14:14,173: Scraped 49 new tweets
2020-04-14 08:14:14,173: Scraped 49 new tweets
2020-04-14 08:14:16,856: Scraped 49 new tweets
2020-04-14 08:14:16,856: Scraped 49 new tweets
2020-04-14 08:14:19,636: Scraped 49 new tweets
2020-04-14 08:14:19,636: Scraped 49 new tweets
2020-04-14 08:14:22,390: Scraped 49 new tweets
2020-04-14 08:14:22,390: Scraped 49 new tweets
2020-04-14 08:14:25,149: Scraped 49 new tweets
2020-04-14 08:14:25,149: Scraped 49 new tweets
2020-04-14 08:14:27,826: Scraped 49 new tweets
2020-04-14 08:14:27,826: Scraped 49 new tweets
2020-04-14 08:14:30,152: Scraped 49 new tweets
2020-04-14 08:14:30,152: Scraped 49 new tweets
2020-04-14 08:14:33,000: Scraped 49 new tweets
2020-04-14 08:14:33,000: Scraped 49 new tweets
2020-04-14 08:14:35,630: Scraped 49 new tweets
2020-04-14 08:14:35,630: Scraped 49 new tweets
2020-04-14 08:14:38,571: Scraped 49 new tweets
2020-04-14 08:14:38,571: Scraped 49 new tweets
2020-04-14 08:14:41,056: Scraped 49 new tweets
2020-04-14 08:14:41,056: Scraped 49 new tweets
2020-04-14 08:14:43,731: Scraped 49 new tweets
2020-04-14 08:14:43,731: Scraped 49 new tweets
2020-04-14 08:14:46,169: Scraped 49 new tweets
2020-04-14 08:14:46,169: Scraped 49 new tweets
2020-04-14 08:14:49,027: Scraped 49 new tweets
2020-04-14 08:14:49,027: Scraped 49 new tweets
2020-04-14 08:14:51,682: Scraped 49 new tweets
2020-04-14 08:14:51,682: Scraped 49 new tweets
2020-04-14 08:14:54,341: Scraped 49 new tweets
2020-04-14 08:14:54,341: Scraped 49 new tweets
2020-04-14 08:14:56,884: Scraped 49 new tweets
2020-04-14 08:14:56,884: Scraped 49 new tweets
2020-04-14 08:14:59,286: Scraped 49 new tweets
2020-04-14 08:14:59,286: Scraped 49 new tweets
2020-04-14 08:15:02,134: Scraped 49 new tweets
2020-04-14 08:15:02,134: Scraped 49 new tweets
2020-04-14 08:25:09,576: Scraped 49 new tweets
2020-04-14 08:25:09,576: Scraped 49 new tweets
2020-04-14 08:25:12,339: Scraped 49 new tweets
2020-04-14 08:25:12,339: Scraped 49 new tweets
2020-04-14 08:25:14,996: Scraped 49 new tweets
2020-04-14 08:25:14,996: Scraped 49 new tweets
2020-04-14 08:25:17,471: Scraped 49 new tweets
2020-04-14 08:25:17,471: Scraped 49 new tweets
2020-04-14 08:25:20,421: Scraped 49 new tweets
2020-04-14 08:25:20,421: Scraped 49 new tweets
2020-04-14 08:25:22,746: Scraped 49 new tweets
2020-04-14 08:25:22,746: Scraped 49 new tweets
2020-04-14 08:25:25,544: Scraped 49 new tweets
2020-04-14 08:25:25,544: Scraped 49 new tweets
2020-04-14 08:25:28,277: Scraped 49 new tweets
2020-04-14 08:25:28,277: Scraped 49 new tweets
2020-04-14 08:25:31,080: Scraped 49 new tweets
2020-04-14 08:25:31,080: Scraped 49 new tweets
2020-04-14 08:25:33,921: Scraped 49 new tweets
2020-04-14 08:25:33,921: Scraped 49 new tweets
2020-04-14 08:25:36,473: Scraped 49 new tweets
2020-04-14 08:25:36,473: Scraped 49 new tweets
2020-04-14 08:25:39,165: Scraped 49 new tweets
2020-04-14 08:25:39,165: Scraped 49 new tweets
2020-04-14 08:25:41,997: Scraped 49 new tweets
2020-04-14 08:25:41,997: Scraped 49 new tweets
2020-04-14 08:25:44,867: Scraped 49 new tweets
2020-04-14 08:25:44,867: Scraped 49 new tweets
2020-04-14 08:25:47,457: Scraped 49 new tweets
2020-04-14 08:25:47,457: Scraped 49 new tweets
2020-04-14 08:25:50,118: Scraped 49 new tweets
2020-04-14 08:25:50,118: Scraped 49 new tweets
2020-04-14 08:25:52,785: Scraped 49 new tweets
2020-04-14 08:25:52,785: Scraped 49 new tweets
2020-04-14 08:25:55,546: Scraped 49 new tweets
2020-04-14 08:25:55,546: Scraped 49 new tweets
2020-04-14 08:25:58,207: Scraped 49 new tweets
2020-04-14 08:25:58,207: Scraped 49 new tweets
2020-04-14 08:26:00,878: Scraped 49 new tweets
2020-04-14 08:26:00,878: Scraped 49 new tweets
2020-04-14 08:26:03,539: Scraped 49 new tweets
2020-04-14 08:26:03,539: Scraped 49 new tweets
2020-04-14 08:26:06,167: Scraped 49 new tweets
2020-04-14 08:26:06,167: Scraped 49 new tweets
2020-04-14 08:26:08,837: Scraped 49 new tweets
2020-04-14 08:26:08,837: Scraped 49 new tweets
2020-04-14 08:26:11,530: Scraped 49 new tweets
2020-04-14 08:26:11,530: Scraped 49 new tweets
2020-04-14 08:26:14,054: Scraped 49 new tweets
2020-04-14 08:26:14,054: Scraped 49 new tweets
2020-04-14 08:26:16,540: Scraped 49 new tweets
2020-04-14 08:26:16,540: Scraped 49 new tweets
2020-04-14 08:26:19,075: Scraped 49 new tweets
2020-04-14 08:26:19,075: Scraped 49 new tweets
2020-04-14 08:26:21,556: Scraped 49 new tweets
2020-04-14 08:26:21,556: Scraped 49 new tweets
2020-04-14 08:26:24,160: Scraped 49 new tweets
2020-04-14 08:26:24,160: Scraped 49 new tweets
2020-04-14 08:26:26,930: Scraped 49 new tweets
2020-04-14 08:26:26,930: Scraped 49 new tweets
2020-04-14 08:26:29,638: Scraped 49 new tweets
2020-04-14 08:26:29,638: Scraped 49 new tweets
2020-04-14 08:26:32,528: Scraped 49 new tweets
2020-04-14 08:26:32,528: Scraped 49 new tweets
2020-04-14 08:26:35,485: Scraped 49 new tweets
2020-04-14 08:26:35,485: Scraped 49 new tweets
2020-04-14 08:26:38,116: Scraped 49 new tweets
2020-04-14 08:26:38,116: Scraped 49 new tweets
2020-04-14 08:26:40,616: Scraped 49 new tweets
2020-04-14 08:26:40,616: Scraped 49 new tweets
2020-04-14 08:26:43,241: Scraped 49 new tweets
2020-04-14 08:26:43,241: Scraped 49 new tweets
2020-04-14 08:26:45,929: Scraped 49 new tweets
2020-04-14 08:26:45,929: Scraped 49 new tweets
2020-04-14 08:26:48,659: Scraped 49 new tweets
2020-04-14 08:26:48,659: Scraped 49 new tweets
2020-04-14 08:26:51,357: Scraped 49 new tweets
2020-04-14 08:26:51,357: Scraped 49 new tweets
2020-04-14 08:26:54,638: Scraped 49 new tweets
2020-04-14 08:26:54,638: Scraped 49 new tweets
2020-04-14 08:26:57,219: Scraped 49 new tweets
2020-04-14 08:26:57,219: Scraped 49 new tweets
2020-04-14 08:26:59,858: Scraped 49 new tweets
2020-04-14 08:26:59,858: Scraped 49 new tweets
2020-04-14 08:27:02,345: Scraped 49 new tweets
2020-04-14 08:27:02,345: Scraped 49 new tweets
2020-04-14 08:27:05,037: Scraped 49 new tweets
2020-04-14 08:27:05,037: Scraped 49 new tweets
2020-04-14 08:27:07,323: Scraped 49 new tweets
2020-04-14 08:27:07,323: Scraped 49 new tweets
2020-04-14 08:27:10,082: Scraped 49 new tweets
2020-04-14 08:27:10,082: Scraped 49 new tweets
2020-04-14 08:27:12,739: Scraped 49 new tweets
2020-04-14 08:27:12,739: Scraped 49 new tweets
2020-04-14 08:27:15,219: Scraped 49 new tweets
2020-04-14 08:27:15,219: Scraped 49 new tweets
2020-04-14 08:27:17,938: Scraped 49 new tweets
2020-04-14 08:27:17,938: Scraped 49 new tweets
2020-04-14 08:27:20,621: Scraped 49 new tweets
2020-04-14 08:27:20,621: Scraped 49 new tweets
2020-04-14 08:27:23,192: Scraped 49 new tweets
2020-04-14 08:27:23,192: Scraped 49 new tweets
2020-04-14 08:27:25,839: Scraped 49 new tweets
2020-04-14 08:27:25,839: Scraped 49 new tweets
2020-04-14 08:27:28,743: Scraped 49 new tweets
2020-04-14 08:27:28,743: Scraped 49 new tweets
2020-04-14 08:27:31,582: Scraped 49 new tweets
2020-04-14 08:27:31,582: Scraped 49 new tweets
2020-04-14 08:27:33,989: Scraped 49 new tweets
2020-04-14 08:27:33,989: Scraped 49 new tweets
2020-04-14 08:27:36,527: Scraped 49 new tweets
2020-04-14 08:27:36,527: Scraped 49 new tweets
2020-04-14 08:27:39,282: Scraped 49 new tweets
2020-04-14 08:27:39,282: Scraped 49 new tweets
2020-04-14 08:27:42,120: Scraped 49 new tweets
2020-04-14 08:27:42,120: Scraped 49 new tweets
2020-04-14 08:27:44,667: Scraped 49 new tweets
2020-04-14 08:27:44,667: Scraped 49 new tweets
2020-04-14 08:27:47,134: Scraped 49 new tweets
2020-04-14 08:27:47,134: Scraped 49 new tweets
2020-04-14 08:27:50,036: Scraped 49 new tweets
2020-04-14 08:27:50,036: Scraped 49 new tweets
2020-04-14 08:27:52,593: Scraped 49 new tweets
2020-04-14 08:27:52,593: Scraped 49 new tweets
2020-04-14 08:27:55,221: Scraped 49 new tweets
2020-04-14 08:27:55,221: Scraped 49 new tweets
2020-04-14 08:27:58,030: Scraped 49 new tweets
2020-04-14 08:27:58,030: Scraped 49 new tweets
2020-04-14 08:28:00,783: Scraped 49 new tweets
2020-04-14 08:28:00,783: Scraped 49 new tweets
2020-04-14 08:28:03,432: Scraped 49 new tweets
2020-04-14 08:28:03,432: Scraped 49 new tweets
2020-04-14 08:28:06,107: Scraped 49 new tweets
2020-04-14 08:28:06,107: Scraped 49 new tweets
2020-04-14 08:28:08,888: Scraped 49 new tweets
2020-04-14 08:28:08,888: Scraped 49 new tweets
2020-04-14 08:28:11,657: Scraped 49 new tweets
2020-04-14 08:28:11,657: Scraped 49 new tweets
2020-04-14 08:28:14,348: Scraped 49 new tweets
2020-04-14 08:28:14,348: Scraped 49 new tweets
2020-04-14 08:28:17,160: Scraped 49 new tweets
2020-04-14 08:28:17,160: Scraped 49 new tweets
2020-04-14 08:28:19,829: Scraped 49 new tweets
2020-04-14 08:28:19,829: Scraped 49 new tweets
2020-04-14 08:28:22,570: Scraped 49 new tweets
2020-04-14 08:28:22,570: Scraped 49 new tweets
2020-04-14 08:28:25,263: Scraped 49 new tweets
2020-04-14 08:28:25,263: Scraped 49 new tweets
2020-04-14 08:28:28,133: Scraped 49 new tweets
2020-04-14 08:28:28,133: Scraped 49 new tweets
2020-04-14 08:28:31,003: Scraped 49 new tweets
2020-04-14 08:28:31,003: Scraped 49 new tweets
2020-04-14 08:28:33,658: Scraped 49 new tweets
2020-04-14 08:28:33,658: Scraped 49 new tweets
2020-04-14 08:28:36,291: Scraped 49 new tweets
2020-04-14 08:28:36,291: Scraped 49 new tweets
2020-04-14 08:28:38,985: Scraped 49 new tweets
2020-04-14 08:28:38,985: Scraped 49 new tweets
2020-04-14 08:28:41,648: Scraped 49 new tweets
2020-04-14 08:28:41,648: Scraped 49 new tweets
2020-04-14 08:28:44,402: Scraped 49 new tweets
2020-04-14 08:28:44,402: Scraped 49 new tweets
2020-04-14 08:28:47,251: Scraped 49 new tweets
2020-04-14 08:28:47,251: Scraped 49 new tweets
2020-04-14 08:28:50,019: Scraped 49 new tweets
2020-04-14 08:28:50,019: Scraped 49 new tweets
2020-04-14 08:28:52,680: Scraped 49 new tweets
2020-04-14 08:28:52,680: Scraped 49 new tweets
2020-04-14 08:28:55,350: Scraped 49 new tweets
2020-04-14 08:28:55,350: Scraped 49 new tweets
2020-04-14 08:28:58,044: Scraped 49 new tweets
2020-04-14 08:28:58,044: Scraped 49 new tweets
2020-04-14 08:29:00,871: Scraped 49 new tweets
2020-04-14 08:29:00,871: Scraped 49 new tweets
2020-04-14 08:29:03,665: Scraped 49 new tweets
2020-04-14 08:29:03,665: Scraped 49 new tweets
2020-04-14 08:29:06,422: Scraped 49 new tweets
2020-04-14 08:29:06,422: Scraped 49 new tweets
2020-04-14 08:29:09,089: Scraped 49 new tweets
2020-04-14 08:29:09,089: Scraped 49 new tweets
2020-04-14 08:29:11,962: Scraped 49 new tweets
2020-04-14 08:29:11,962: Scraped 49 new tweets
2020-04-14 08:29:15,029: Scraped 49 new tweets
2020-04-14 08:29:15,029: Scraped 49 new tweets
2020-04-14 08:29:17,679: Scraped 49 new tweets
2020-04-14 08:29:17,679: Scraped 49 new tweets
2020-04-14 08:29:20,424: Scraped 49 new tweets
2020-04-14 08:29:20,424: Scraped 49 new tweets
2020-04-14 08:29:23,442: Scraped 49 new tweets
2020-04-14 08:29:23,442: Scraped 49 new tweets
2020-04-14 08:29:26,281: Scraped 49 new tweets
2020-04-14 08:29:26,281: Scraped 49 new tweets
2020-04-14 08:29:29,171: Scraped 49 new tweets
2020-04-14 08:29:29,171: Scraped 49 new tweets
2020-04-14 08:29:31,738: Scraped 49 new tweets
2020-04-14 08:29:31,738: Scraped 49 new tweets
2020-04-14 08:29:34,326: Scraped 49 new tweets
2020-04-14 08:29:34,326: Scraped 49 new tweets
2020-04-14 08:29:36,506: Scraped 49 new tweets
2020-04-14 08:29:36,506: Scraped 49 new tweets
2020-04-14 08:29:38,748: Scraped 49 new tweets
2020-04-14 08:29:38,748: Scraped 49 new tweets
2020-04-14 08:29:41,342: Scraped 49 new tweets
2020-04-14 08:29:41,342: Scraped 49 new tweets
2020-04-14 08:29:43,890: Scraped 49 new tweets
2020-04-14 08:29:43,890: Scraped 49 new tweets
2020-04-14 08:29:46,680: Scraped 49 new tweets
2020-04-14 08:29:46,680: Scraped 49 new tweets
2020-04-14 08:29:49,425: Scraped 49 new tweets
2020-04-14 08:29:49,425: Scraped 49 new tweets
2020-04-14 08:29:52,194: Scraped 49 new tweets
2020-04-14 08:29:52,194: Scraped 49 new tweets
2020-04-14 08:29:55,101: Scraped 49 new tweets
2020-04-14 08:29:55,101: Scraped 49 new tweets
2020-04-14 08:29:57,911: Scraped 49 new tweets
2020-04-14 08:29:57,911: Scraped 49 new tweets
2020-04-14 08:30:00,812: Scraped 49 new tweets
2020-04-14 08:30:00,812: Scraped 49 new tweets
2020-04-14 08:30:03,677: Scraped 49 new tweets
2020-04-14 08:30:03,677: Scraped 49 new tweets
2020-04-14 08:30:06,508: Scraped 49 new tweets
2020-04-14 08:30:06,508: Scraped 49 new tweets
2020-04-14 08:30:09,407: Scraped 49 new tweets
2020-04-14 08:30:09,407: Scraped 49 new tweets
2020-04-14 08:40:12,542: Scraped 49 new tweets
2020-04-14 08:40:12,542: Scraped 49 new tweets
2020-04-14 08:40:15,198: Scraped 49 new tweets
2020-04-14 08:40:15,198: Scraped 49 new tweets
2020-04-14 08:40:18,486: Scraped 49 new tweets
2020-04-14 08:40:18,486: Scraped 49 new tweets
2020-04-14 08:40:21,380: Scraped 49 new tweets
2020-04-14 08:40:21,380: Scraped 49 new tweets
2020-04-14 08:40:23,933: Scraped 49 new tweets
2020-04-14 08:40:23,933: Scraped 49 new tweets
2020-04-14 08:40:27,094: Scraped 49 new tweets
2020-04-14 08:40:27,094: Scraped 49 new tweets
2020-04-14 08:40:29,963: Scraped 49 new tweets
2020-04-14 08:40:29,963: Scraped 49 new tweets
2020-04-14 08:40:32,627: Scraped 49 new tweets
2020-04-14 08:40:32,627: Scraped 49 new tweets
2020-04-14 08:40:35,600: Scraped 49 new tweets
2020-04-14 08:40:35,600: Scraped 49 new tweets
2020-04-14 08:40:38,556: Scraped 49 new tweets
2020-04-14 08:40:38,556: Scraped 49 new tweets
2020-04-14 08:40:41,411: Scraped 49 new tweets
2020-04-14 08:40:41,411: Scraped 49 new tweets
2020-04-14 08:40:44,175: Scraped 49 new tweets
2020-04-14 08:40:44,175: Scraped 49 new tweets
2020-04-14 08:40:46,946: Scraped 49 new tweets
2020-04-14 08:40:46,946: Scraped 49 new tweets
2020-04-14 08:40:49,818: Scraped 49 new tweets
2020-04-14 08:40:49,818: Scraped 49 new tweets
2020-04-14 08:40:52,593: Scraped 49 new tweets
2020-04-14 08:40:52,593: Scraped 49 new tweets
2020-04-14 08:40:55,452: Scraped 49 new tweets
2020-04-14 08:40:55,452: Scraped 49 new tweets
2020-04-14 08:40:58,328: Scraped 49 new tweets
2020-04-14 08:40:58,328: Scraped 49 new tweets
2020-04-14 08:41:01,053: Scraped 49 new tweets
2020-04-14 08:41:01,053: Scraped 49 new tweets
2020-04-14 08:41:03,647: Scraped 49 new tweets
2020-04-14 08:41:03,647: Scraped 49 new tweets
2020-04-14 08:41:06,506: Scraped 49 new tweets
2020-04-14 08:41:06,506: Scraped 49 new tweets
2020-04-14 08:41:09,359: Scraped 49 new tweets
2020-04-14 08:41:09,359: Scraped 49 new tweets
2020-04-14 08:41:12,059: Scraped 49 new tweets
2020-04-14 08:41:12,059: Scraped 49 new tweets
2020-04-14 08:41:14,776: Scraped 49 new tweets
2020-04-14 08:41:14,776: Scraped 49 new tweets
2020-04-14 08:41:17,670: Scraped 49 new tweets
2020-04-14 08:41:17,670: Scraped 49 new tweets
2020-04-14 08:41:20,331: Scraped 49 new tweets
2020-04-14 08:41:20,331: Scraped 49 new tweets
2020-04-14 08:41:23,198: Scraped 49 new tweets
2020-04-14 08:41:23,198: Scraped 49 new tweets
2020-04-14 08:41:26,678: Scraped 49 new tweets
2020-04-14 08:41:26,678: Scraped 49 new tweets
2020-04-14 08:41:29,435: Scraped 49 new tweets
2020-04-14 08:41:29,435: Scraped 49 new tweets
2020-04-14 08:41:32,207: Scraped 49 new tweets
2020-04-14 08:41:32,207: Scraped 49 new tweets
2020-04-14 08:41:35,074: Scraped 49 new tweets
2020-04-14 08:41:35,074: Scraped 49 new tweets
2020-04-14 08:41:37,931: Scraped 49 new tweets
2020-04-14 08:41:37,931: Scraped 49 new tweets
2020-04-14 08:41:41,237: Scraped 49 new tweets
2020-04-14 08:41:41,237: Scraped 49 new tweets
2020-04-14 08:41:44,053: Scraped 49 new tweets
2020-04-14 08:41:44,053: Scraped 49 new tweets
2020-04-14 08:41:46,722: Scraped 49 new tweets
2020-04-14 08:41:46,722: Scraped 49 new tweets
2020-04-14 08:41:49,486: Scraped 49 new tweets
2020-04-14 08:41:49,486: Scraped 49 new tweets
2020-04-14 08:41:52,174: Scraped 49 new tweets
2020-04-14 08:41:52,174: Scraped 49 new tweets
2020-04-14 08:41:55,020: Scraped 49 new tweets
2020-04-14 08:41:55,020: Scraped 49 new tweets
2020-04-14 08:41:57,603: Scraped 49 new tweets
2020-04-14 08:41:57,603: Scraped 49 new tweets
2020-04-14 08:42:00,372: Scraped 49 new tweets
2020-04-14 08:42:00,372: Scraped 49 new tweets
2020-04-14 08:42:03,242: Scraped 49 new tweets
2020-04-14 08:42:03,242: Scraped 49 new tweets
2020-04-14 08:42:06,063: Scraped 49 new tweets
2020-04-14 08:42:06,063: Scraped 49 new tweets
2020-04-14 08:42:08,868: Scraped 49 new tweets
2020-04-14 08:42:08,868: Scraped 49 new tweets
2020-04-14 08:42:11,742: Scraped 49 new tweets
2020-04-14 08:42:11,742: Scraped 49 new tweets
2020-04-14 08:42:14,603: Scraped 49 new tweets
2020-04-14 08:42:14,603: Scraped 49 new tweets
2020-04-14 08:42:17,453: Scraped 49 new tweets
2020-04-14 08:42:17,453: Scraped 49 new tweets
2020-04-14 08:42:20,146: Scraped 49 new tweets
2020-04-14 08:42:20,146: Scraped 49 new tweets
2020-04-14 08:42:22,895: Scraped 49 new tweets
2020-04-14 08:42:22,895: Scraped 49 new tweets
2020-04-14 08:42:25,746: Scraped 49 new tweets
2020-04-14 08:42:25,746: Scraped 49 new tweets
2020-04-14 08:42:28,530: Scraped 49 new tweets
2020-04-14 08:42:28,530: Scraped 49 new tweets
2020-04-14 08:42:31,393: Scraped 49 new tweets
2020-04-14 08:42:31,393: Scraped 49 new tweets
2020-04-14 08:42:34,366: Scraped 49 new tweets
2020-04-14 08:42:34,366: Scraped 49 new tweets
2020-04-14 08:42:37,231: Scraped 49 new tweets
2020-04-14 08:42:37,231: Scraped 49 new tweets
2020-04-14 08:42:40,103: Scraped 49 new tweets
2020-04-14 08:42:40,103: Scraped 49 new tweets
2020-04-14 08:42:42,730: Scraped 49 new tweets
2020-04-14 08:42:42,730: Scraped 49 new tweets
2020-04-14 08:42:45,379: Scraped 49 new tweets
2020-04-14 08:42:45,379: Scraped 49 new tweets
2020-04-14 08:42:48,413: Scraped 49 new tweets
2020-04-14 08:42:48,413: Scraped 49 new tweets
2020-04-14 08:42:51,155: Scraped 49 new tweets
2020-04-14 08:42:51,155: Scraped 49 new tweets
2020-04-14 08:42:54,047: Scraped 49 new tweets
2020-04-14 08:42:54,047: Scraped 49 new tweets
2020-04-14 08:42:57,107: Scraped 49 new tweets
2020-04-14 08:42:57,107: Scraped 49 new tweets
2020-04-14 08:42:59,743: Scraped 49 new tweets
2020-04-14 08:42:59,743: Scraped 49 new tweets
2020-04-14 08:43:02,109: Scraped 49 new tweets
2020-04-14 08:43:02,109: Scraped 49 new tweets
2020-04-14 08:43:04,873: Scraped 49 new tweets
2020-04-14 08:43:04,873: Scraped 49 new tweets
2020-04-14 08:43:07,951: Scraped 49 new tweets
2020-04-14 08:43:07,951: Scraped 49 new tweets
2020-04-14 08:43:11,013: Scraped 49 new tweets
2020-04-14 08:43:11,013: Scraped 49 new tweets
2020-04-14 08:43:14,126: Scraped 49 new tweets
2020-04-14 08:43:14,126: Scraped 49 new tweets
2020-04-14 08:43:17,157: Scraped 49 new tweets
2020-04-14 08:43:17,157: Scraped 49 new tweets
2020-04-14 08:43:19,805: Scraped 49 new tweets
2020-04-14 08:43:19,805: Scraped 49 new tweets
2020-04-14 08:43:22,385: Scraped 49 new tweets
2020-04-14 08:43:22,385: Scraped 49 new tweets
2020-04-14 08:43:25,248: Scraped 49 new tweets
2020-04-14 08:43:25,248: Scraped 49 new tweets
2020-04-14 08:43:28,206: Scraped 49 new tweets
2020-04-14 08:43:28,206: Scraped 49 new tweets
2020-04-14 08:43:31,380: Scraped 49 new tweets
2020-04-14 08:43:31,380: Scraped 49 new tweets
2020-04-14 08:43:34,150: Scraped 49 new tweets
2020-04-14 08:43:34,150: Scraped 49 new tweets
2020-04-14 08:43:37,012: Scraped 49 new tweets
2020-04-14 08:43:37,012: Scraped 49 new tweets
2020-04-14 08:43:39,782: Scraped 49 new tweets
2020-04-14 08:43:39,782: Scraped 49 new tweets
2020-04-14 08:43:42,664: Scraped 49 new tweets
2020-04-14 08:43:42,664: Scraped 49 new tweets
2020-04-14 08:43:45,429: Scraped 49 new tweets
2020-04-14 08:43:45,429: Scraped 49 new tweets
2020-04-14 08:43:48,283: Scraped 49 new tweets
2020-04-14 08:43:48,283: Scraped 49 new tweets
2020-04-14 08:43:51,178: Scraped 49 new tweets
2020-04-14 08:43:51,178: Scraped 49 new tweets
2020-04-14 08:43:53,877: Scraped 49 new tweets
2020-04-14 08:43:53,877: Scraped 49 new tweets
2020-04-14 08:43:56,704: Scraped 49 new tweets
2020-04-14 08:43:56,704: Scraped 49 new tweets
2020-04-14 08:43:59,563: Scraped 49 new tweets
2020-04-14 08:43:59,563: Scraped 49 new tweets
2020-04-14 08:44:02,607: Scraped 49 new tweets
2020-04-14 08:44:02,607: Scraped 49 new tweets
2020-04-14 08:44:05,379: Scraped 49 new tweets
2020-04-14 08:44:05,379: Scraped 49 new tweets
2020-04-14 08:44:08,266: Scraped 49 new tweets
2020-04-14 08:44:08,266: Scraped 49 new tweets
2020-04-14 08:44:11,102: Scraped 49 new tweets
2020-04-14 08:44:11,102: Scraped 49 new tweets
2020-04-14 08:44:14,022: Scraped 49 new tweets
2020-04-14 08:44:14,022: Scraped 49 new tweets
2020-04-14 08:44:16,848: Scraped 49 new tweets
2020-04-14 08:44:16,848: Scraped 49 new tweets
2020-04-14 08:44:19,387: Scraped 49 new tweets
2020-04-14 08:44:19,387: Scraped 49 new tweets
2020-04-14 08:44:22,059: Scraped 49 new tweets
2020-04-14 08:44:22,059: Scraped 49 new tweets
2020-04-14 08:44:25,000: Scraped 49 new tweets
2020-04-14 08:44:25,000: Scraped 49 new tweets
2020-04-14 08:44:28,084: Scraped 49 new tweets
2020-04-14 08:44:28,084: Scraped 49 new tweets
2020-04-14 08:44:30,998: Scraped 49 new tweets
2020-04-14 08:44:30,998: Scraped 49 new tweets
2020-04-14 08:44:33,846: Scraped 49 new tweets
2020-04-14 08:44:33,846: Scraped 49 new tweets
2020-04-14 08:44:36,525: Scraped 49 new tweets
2020-04-14 08:44:36,525: Scraped 49 new tweets
2020-04-14 08:44:39,398: Scraped 49 new tweets
2020-04-14 08:44:39,398: Scraped 49 new tweets
2020-04-14 08:44:42,374: Scraped 49 new tweets
2020-04-14 08:44:42,374: Scraped 49 new tweets
2020-04-14 08:44:45,241: Scraped 49 new tweets
2020-04-14 08:44:45,241: Scraped 49 new tweets
2020-04-14 08:44:48,015: Scraped 49 new tweets
2020-04-14 08:44:48,015: Scraped 49 new tweets
2020-04-14 08:44:50,670: Scraped 49 new tweets
2020-04-14 08:44:50,670: Scraped 49 new tweets
2020-04-14 08:44:53,846: Scraped 49 new tweets
2020-04-14 08:44:53,846: Scraped 49 new tweets
2020-04-14 08:44:56,706: Scraped 49 new tweets
2020-04-14 08:44:56,706: Scraped 49 new tweets
2020-04-14 08:44:59,573: Scraped 49 new tweets
2020-04-14 08:44:59,573: Scraped 49 new tweets
2020-04-14 08:45:02,142: Scraped 49 new tweets
2020-04-14 08:45:02,142: Scraped 49 new tweets
2020-04-14 08:45:04,904: Scraped 49 new tweets
2020-04-14 08:45:04,904: Scraped 49 new tweets
2020-04-14 08:45:07,667: Scraped 49 new tweets
2020-04-14 08:45:07,667: Scraped 49 new tweets
2020-04-14 08:45:10,422: Scraped 49 new tweets
2020-04-14 08:45:10,422: Scraped 49 new tweets
2020-04-14 08:45:13,185: Scraped 49 new tweets
2020-04-14 08:45:13,185: Scraped 49 new tweets
2020-04-14 08:45:15,970: Scraped 49 new tweets
2020-04-14 08:45:15,970: Scraped 49 new tweets
2020-04-14 08:45:18,244: Scraped 49 new tweets
2020-04-14 08:45:18,244: Scraped 49 new tweets
2020-04-14 08:45:20,674: Scraped 49 new tweets
2020-04-14 08:45:20,674: Scraped 49 new tweets
2020-04-14 08:45:22,915: Scraped 49 new tweets
2020-04-14 08:45:22,915: Scraped 49 new tweets
2020-04-14 08:45:25,433: Scraped 49 new tweets
2020-04-14 08:45:25,433: Scraped 49 new tweets
2020-04-14 08:45:27,831: Scraped 49 new tweets
2020-04-14 08:45:27,831: Scraped 49 new tweets
2020-04-14 08:55:19,153: Scraped 49 new tweets
2020-04-14 08:55:19,153: Scraped 49 new tweets
2020-04-14 08:55:21,685: Scraped 49 new tweets
2020-04-14 08:55:21,685: Scraped 49 new tweets
2020-04-14 08:55:23,888: Scraped 49 new tweets
2020-04-14 08:55:23,888: Scraped 49 new tweets
2020-04-14 08:55:26,662: Scraped 49 new tweets
2020-04-14 08:55:26,662: Scraped 49 new tweets
2020-04-14 08:55:29,029: Scraped 49 new tweets
2020-04-14 08:55:29,029: Scraped 49 new tweets
2020-04-14 08:55:31,380: Scraped 49 new tweets
2020-04-14 08:55:31,380: Scraped 49 new tweets
2020-04-14 08:55:33,834: Scraped 49 new tweets
2020-04-14 08:55:33,834: Scraped 49 new tweets
2020-04-14 08:55:36,424: Scraped 49 new tweets
2020-04-14 08:55:36,424: Scraped 49 new tweets
2020-04-14 08:55:39,213: Scraped 49 new tweets
2020-04-14 08:55:39,213: Scraped 49 new tweets
2020-04-14 08:55:41,859: Scraped 49 new tweets
2020-04-14 08:55:41,859: Scraped 49 new tweets
2020-04-14 08:55:44,817: Scraped 49 new tweets
2020-04-14 08:55:44,817: Scraped 49 new tweets
2020-04-14 08:55:47,675: Scraped 49 new tweets
2020-04-14 08:55:47,675: Scraped 49 new tweets
2020-04-14 08:55:50,401: Scraped 49 new tweets
2020-04-14 08:55:50,401: Scraped 49 new tweets
2020-04-14 08:55:52,997: Scraped 49 new tweets
2020-04-14 08:55:52,997: Scraped 49 new tweets
2020-04-14 08:55:55,873: Scraped 49 new tweets
2020-04-14 08:55:55,873: Scraped 49 new tweets
2020-04-14 08:55:58,762: Scraped 49 new tweets
2020-04-14 08:55:58,762: Scraped 49 new tweets
2020-04-14 08:56:01,571: Scraped 49 new tweets
2020-04-14 08:56:01,571: Scraped 49 new tweets
2020-04-14 08:56:04,125: Scraped 49 new tweets
2020-04-14 08:56:04,125: Scraped 49 new tweets
2020-04-14 08:56:06,588: Scraped 49 new tweets
2020-04-14 08:56:06,588: Scraped 49 new tweets
2020-04-14 08:56:09,061: Scraped 49 new tweets
2020-04-14 08:56:09,061: Scraped 49 new tweets
2020-04-14 08:56:11,476: Scraped 49 new tweets
2020-04-14 08:56:11,476: Scraped 49 new tweets
2020-04-14 08:56:14,205: Scraped 49 new tweets
2020-04-14 08:56:14,205: Scraped 49 new tweets
2020-04-14 08:56:17,217: Scraped 49 new tweets
2020-04-14 08:56:17,217: Scraped 49 new tweets
2020-04-14 08:56:19,805: Scraped 49 new tweets
2020-04-14 08:56:19,805: Scraped 49 new tweets
2020-04-14 08:56:22,364: Scraped 49 new tweets
2020-04-14 08:56:22,364: Scraped 49 new tweets
2020-04-14 08:56:24,921: Scraped 49 new tweets
2020-04-14 08:56:24,921: Scraped 49 new tweets
2020-04-14 08:56:27,607: Scraped 49 new tweets
2020-04-14 08:56:27,607: Scraped 49 new tweets
2020-04-14 08:56:30,171: Scraped 49 new tweets
2020-04-14 08:56:30,171: Scraped 49 new tweets
2020-04-14 08:56:32,912: Scraped 49 new tweets
2020-04-14 08:56:32,912: Scraped 49 new tweets
2020-04-14 08:56:35,381: Scraped 49 new tweets
2020-04-14 08:56:35,381: Scraped 49 new tweets
2020-04-14 08:56:38,015: Scraped 49 new tweets
2020-04-14 08:56:38,015: Scraped 49 new tweets
2020-04-14 08:56:40,516: Scraped 49 new tweets
2020-04-14 08:56:40,516: Scraped 49 new tweets
2020-04-14 08:56:42,852: Scraped 49 new tweets
2020-04-14 08:56:42,852: Scraped 49 new tweets
2020-04-14 08:56:45,298: Scraped 49 new tweets
2020-04-14 08:56:45,298: Scraped 49 new tweets
2020-04-14 08:56:48,238: Scraped 49 new tweets
2020-04-14 08:56:48,238: Scraped 49 new tweets
2020-04-14 08:56:50,458: Scraped 49 new tweets
2020-04-14 08:56:50,458: Scraped 49 new tweets
2020-04-14 08:56:53,118: Scraped 49 new tweets
2020-04-14 08:56:53,118: Scraped 49 new tweets
2020-04-14 08:56:55,890: Scraped 49 new tweets
2020-04-14 08:56:55,890: Scraped 49 new tweets
2020-04-14 08:56:58,625: Scraped 49 new tweets
2020-04-14 08:56:58,625: Scraped 49 new tweets
2020-04-14 08:57:01,485: Scraped 49 new tweets
2020-04-14 08:57:01,485: Scraped 49 new tweets
2020-04-14 08:57:04,184: Scraped 49 new tweets
2020-04-14 08:57:04,184: Scraped 49 new tweets
2020-04-14 08:57:07,014: Scraped 49 new tweets
2020-04-14 08:57:07,014: Scraped 49 new tweets
2020-04-14 08:57:09,811: Scraped 49 new tweets
2020-04-14 08:57:09,811: Scraped 49 new tweets
2020-04-14 08:57:12,767: Scraped 49 new tweets
2020-04-14 08:57:12,767: Scraped 49 new tweets
2020-04-14 08:57:15,637: Scraped 49 new tweets
2020-04-14 08:57:15,637: Scraped 49 new tweets
2020-04-14 08:57:18,418: Scraped 49 new tweets
2020-04-14 08:57:18,418: Scraped 49 new tweets
2020-04-14 08:57:21,244: Scraped 49 new tweets
2020-04-14 08:57:21,244: Scraped 49 new tweets
2020-04-14 08:57:23,725: Scraped 49 new tweets
2020-04-14 08:57:23,725: Scraped 49 new tweets
2020-04-14 08:57:26,327: Scraped 49 new tweets
2020-04-14 08:57:26,327: Scraped 49 new tweets
2020-04-14 08:57:28,883: Scraped 49 new tweets
2020-04-14 08:57:28,883: Scraped 49 new tweets
2020-04-14 08:57:31,200: Scraped 49 new tweets
2020-04-14 08:57:31,200: Scraped 49 new tweets
2020-04-14 08:57:33,593: Scraped 49 new tweets
2020-04-14 08:57:33,593: Scraped 49 new tweets
2020-04-14 08:57:36,334: Scraped 49 new tweets
2020-04-14 08:57:36,334: Scraped 49 new tweets
2020-04-14 08:57:39,027: Scraped 49 new tweets
2020-04-14 08:57:39,027: Scraped 49 new tweets
2020-04-14 08:57:41,492: Scraped 49 new tweets
2020-04-14 08:57:41,492: Scraped 49 new tweets
2020-04-14 08:57:43,897: Scraped 49 new tweets
2020-04-14 08:57:43,897: Scraped 49 new tweets
2020-04-14 08:57:45,935: Scraped 49 new tweets
2020-04-14 08:57:45,935: Scraped 49 new tweets
2020-04-14 08:57:48,417: Scraped 49 new tweets
2020-04-14 08:57:48,417: Scraped 49 new tweets
2020-04-14 08:57:51,040: Scraped 49 new tweets
2020-04-14 08:57:51,040: Scraped 49 new tweets
2020-04-14 08:57:53,746: Scraped 49 new tweets
2020-04-14 08:57:53,746: Scraped 49 new tweets
2020-04-14 08:57:56,605: Scraped 49 new tweets
2020-04-14 08:57:56,605: Scraped 49 new tweets
2020-04-14 08:57:59,166: Scraped 49 new tweets
2020-04-14 08:57:59,166: Scraped 49 new tweets
2020-04-14 08:58:02,025: Scraped 49 new tweets
2020-04-14 08:58:02,025: Scraped 49 new tweets
2020-04-14 08:58:04,671: Scraped 49 new tweets
2020-04-14 08:58:04,671: Scraped 49 new tweets
2020-04-14 08:58:07,184: Scraped 49 new tweets
2020-04-14 08:58:07,184: Scraped 49 new tweets
2020-04-14 08:58:09,738: Scraped 49 new tweets
2020-04-14 08:58:09,738: Scraped 49 new tweets
2020-04-14 08:58:12,142: Scraped 49 new tweets
2020-04-14 08:58:12,142: Scraped 49 new tweets
2020-04-14 08:58:14,772: Scraped 49 new tweets
2020-04-14 08:58:14,772: Scraped 49 new tweets
2020-04-14 08:58:17,467: Scraped 49 new tweets
2020-04-14 08:58:17,467: Scraped 49 new tweets
2020-04-14 08:58:20,158: Scraped 49 new tweets
2020-04-14 08:58:20,158: Scraped 49 new tweets
2020-04-14 08:58:23,114: Scraped 49 new tweets
2020-04-14 08:58:23,114: Scraped 49 new tweets
2020-04-14 08:58:25,919: Scraped 49 new tweets
2020-04-14 08:58:25,919: Scraped 49 new tweets
2020-04-14 08:58:28,486: Scraped 49 new tweets
2020-04-14 08:58:28,486: Scraped 49 new tweets
2020-04-14 08:58:30,807: Scraped 49 new tweets
2020-04-14 08:58:30,807: Scraped 49 new tweets
2020-04-14 08:58:33,485: Scraped 49 new tweets
2020-04-14 08:58:33,485: Scraped 49 new tweets
2020-04-14 08:58:36,269: Scraped 49 new tweets
2020-04-14 08:58:36,269: Scraped 49 new tweets
2020-04-14 08:58:38,777: Scraped 49 new tweets
2020-04-14 08:58:38,777: Scraped 49 new tweets
2020-04-14 08:58:41,231: Scraped 49 new tweets
2020-04-14 08:58:41,231: Scraped 49 new tweets
2020-04-14 08:58:43,524: Scraped 49 new tweets
2020-04-14 08:58:43,524: Scraped 49 new tweets
2020-04-14 08:58:45,626: Scraped 49 new tweets
2020-04-14 08:58:45,626: Scraped 49 new tweets
2020-04-14 08:58:48,186: Scraped 49 new tweets
2020-04-14 08:58:48,186: Scraped 49 new tweets
2020-04-14 08:58:50,539: Scraped 49 new tweets
2020-04-14 08:58:50,539: Scraped 49 new tweets
2020-04-14 08:58:53,339: Scraped 49 new tweets
2020-04-14 08:58:53,339: Scraped 49 new tweets
2020-04-14 08:58:55,886: Scraped 49 new tweets
2020-04-14 08:58:55,886: Scraped 49 new tweets
2020-04-14 08:58:58,351: Scraped 49 new tweets
2020-04-14 08:58:58,351: Scraped 49 new tweets
2020-04-14 08:59:01,006: Scraped 49 new tweets
2020-04-14 08:59:01,006: Scraped 49 new tweets
2020-04-14 08:59:03,442: Scraped 49 new tweets
2020-04-14 08:59:03,442: Scraped 49 new tweets
2020-04-14 08:59:06,120: Scraped 49 new tweets
2020-04-14 08:59:06,120: Scraped 49 new tweets
2020-04-14 08:59:08,867: Scraped 49 new tweets
2020-04-14 08:59:08,867: Scraped 49 new tweets
2020-04-14 08:59:11,752: Scraped 49 new tweets
2020-04-14 08:59:11,752: Scraped 49 new tweets
2020-04-14 08:59:14,636: Scraped 49 new tweets
2020-04-14 08:59:14,636: Scraped 49 new tweets
2020-04-14 08:59:17,603: Scraped 49 new tweets
2020-04-14 08:59:17,603: Scraped 49 new tweets
2020-04-14 08:59:20,465: Scraped 49 new tweets
2020-04-14 08:59:20,465: Scraped 49 new tweets
2020-04-14 08:59:23,126: Scraped 49 new tweets
2020-04-14 08:59:23,126: Scraped 49 new tweets
2020-04-14 08:59:25,890: Scraped 49 new tweets
2020-04-14 08:59:25,890: Scraped 49 new tweets
2020-04-14 08:59:28,575: Scraped 49 new tweets
2020-04-14 08:59:28,575: Scraped 49 new tweets
2020-04-14 08:59:31,170: Scraped 49 new tweets
2020-04-14 08:59:31,170: Scraped 49 new tweets
2020-04-14 08:59:33,355: Scraped 49 new tweets
2020-04-14 08:59:33,355: Scraped 49 new tweets
2020-04-14 08:59:35,646: Scraped 49 new tweets
2020-04-14 08:59:35,646: Scraped 49 new tweets
2020-04-14 08:59:38,108: Scraped 49 new tweets
2020-04-14 08:59:38,108: Scraped 49 new tweets
2020-04-14 08:59:40,832: Scraped 49 new tweets
2020-04-14 08:59:40,832: Scraped 49 new tweets
2020-04-14 08:59:44,020: Scraped 49 new tweets
2020-04-14 08:59:44,020: Scraped 49 new tweets
2020-04-14 08:59:46,871: Scraped 49 new tweets
2020-04-14 08:59:46,871: Scraped 49 new tweets
2020-04-14 08:59:50,159: Scraped 49 new tweets
2020-04-14 08:59:50,159: Scraped 49 new tweets
2020-04-14 08:59:53,032: Scraped 49 new tweets
2020-04-14 08:59:53,032: Scraped 49 new tweets
2020-04-14 08:59:55,820: Scraped 49 new tweets
2020-04-14 08:59:55,820: Scraped 49 new tweets
2020-04-14 08:59:58,674: Scraped 49 new tweets
2020-04-14 08:59:58,674: Scraped 49 new tweets
2020-04-14 09:00:01,509: Scraped 49 new tweets
2020-04-14 09:00:01,509: Scraped 49 new tweets
2020-04-14 09:00:04,263: Scraped 49 new tweets
2020-04-14 09:00:04,263: Scraped 49 new tweets
2020-04-14 09:00:06,647: Scraped 49 new tweets
2020-04-14 09:00:06,647: Scraped 49 new tweets
2020-04-14 09:00:09,405: Scraped 49 new tweets
2020-04-14 09:00:09,405: Scraped 49 new tweets
2020-04-14 09:00:12,267: Scraped 49 new tweets
2020-04-14 09:00:12,267: Scraped 49 new tweets
2020-04-14 09:10:23,367: Scraped 49 new tweets
2020-04-14 09:10:23,367: Scraped 49 new tweets
2020-04-14 09:10:25,950: Scraped 49 new tweets
2020-04-14 09:10:25,950: Scraped 49 new tweets
2020-04-14 09:10:28,433: Scraped 49 new tweets
2020-04-14 09:10:28,433: Scraped 49 new tweets
2020-04-14 09:10:30,965: Scraped 49 new tweets
2020-04-14 09:10:30,965: Scraped 49 new tweets
2020-04-14 09:10:33,754: Scraped 49 new tweets
2020-04-14 09:10:33,754: Scraped 49 new tweets
2020-04-14 09:10:36,418: Scraped 49 new tweets
2020-04-14 09:10:36,418: Scraped 49 new tweets
2020-04-14 09:10:39,176: Scraped 49 new tweets
2020-04-14 09:10:39,176: Scraped 49 new tweets
2020-04-14 09:10:41,733: Scraped 49 new tweets
2020-04-14 09:10:41,733: Scraped 49 new tweets
2020-04-14 09:10:44,478: Scraped 49 new tweets
2020-04-14 09:10:44,478: Scraped 49 new tweets
2020-04-14 09:10:47,248: Scraped 49 new tweets
2020-04-14 09:10:47,248: Scraped 49 new tweets
2020-04-14 09:10:49,628: Scraped 49 new tweets
2020-04-14 09:10:49,628: Scraped 49 new tweets
2020-04-14 09:10:51,968: Scraped 49 new tweets
2020-04-14 09:10:51,968: Scraped 49 new tweets
2020-04-14 09:10:54,676: Scraped 49 new tweets
2020-04-14 09:10:54,676: Scraped 49 new tweets
2020-04-14 09:10:56,897: Scraped 49 new tweets
2020-04-14 09:10:56,897: Scraped 49 new tweets
2020-04-14 09:10:59,297: Scraped 49 new tweets
2020-04-14 09:10:59,297: Scraped 49 new tweets
2020-04-14 09:11:01,621: Scraped 49 new tweets
2020-04-14 09:11:01,621: Scraped 49 new tweets
2020-04-14 09:11:04,273: Scraped 49 new tweets
2020-04-14 09:11:04,273: Scraped 49 new tweets
2020-04-14 09:11:06,502: Scraped 49 new tweets
2020-04-14 09:11:06,502: Scraped 49 new tweets
2020-04-14 09:11:09,070: Scraped 49 new tweets
2020-04-14 09:11:09,070: Scraped 49 new tweets
2020-04-14 09:11:11,429: Scraped 49 new tweets
2020-04-14 09:11:11,429: Scraped 49 new tweets
2020-04-14 09:11:13,971: Scraped 49 new tweets
2020-04-14 09:11:13,971: Scraped 49 new tweets
2020-04-14 09:11:16,690: Scraped 49 new tweets
2020-04-14 09:11:16,690: Scraped 49 new tweets
2020-04-14 09:11:18,924: Scraped 49 new tweets
2020-04-14 09:11:18,924: Scraped 49 new tweets
2020-04-14 09:11:21,433: Scraped 49 new tweets
2020-04-14 09:11:21,433: Scraped 49 new tweets
2020-04-14 09:11:24,193: Scraped 49 new tweets
2020-04-14 09:11:24,193: Scraped 49 new tweets
2020-04-14 09:11:26,713: Scraped 49 new tweets
2020-04-14 09:11:26,713: Scraped 49 new tweets
2020-04-14 09:11:29,413: Scraped 49 new tweets
2020-04-14 09:11:29,413: Scraped 49 new tweets
2020-04-14 09:11:32,305: Scraped 49 new tweets
2020-04-14 09:11:32,305: Scraped 49 new tweets
2020-04-14 09:11:34,893: Scraped 49 new tweets
2020-04-14 09:11:34,893: Scraped 49 new tweets
2020-04-14 09:11:37,625: Scraped 49 new tweets
2020-04-14 09:11:37,625: Scraped 49 new tweets
2020-04-14 09:11:40,099: Scraped 49 new tweets
2020-04-14 09:11:40,099: Scraped 49 new tweets
2020-04-14 09:11:42,990: Scraped 49 new tweets
2020-04-14 09:11:42,990: Scraped 49 new tweets
2020-04-14 09:11:45,952: Scraped 49 new tweets
2020-04-14 09:11:45,952: Scraped 49 new tweets
2020-04-14 09:11:48,783: Scraped 49 new tweets
2020-04-14 09:11:48,783: Scraped 49 new tweets
2020-04-14 09:11:51,700: Scraped 49 new tweets
2020-04-14 09:11:51,700: Scraped 49 new tweets
2020-04-14 09:11:54,266: Scraped 49 new tweets
2020-04-14 09:11:54,266: Scraped 49 new tweets
2020-04-14 09:11:57,111: Scraped 49 new tweets
2020-04-14 09:11:57,111: Scraped 49 new tweets
2020-04-14 09:11:59,978: Scraped 49 new tweets
2020-04-14 09:11:59,978: Scraped 49 new tweets
2020-04-14 09:12:02,821: Scraped 49 new tweets
2020-04-14 09:12:02,821: Scraped 49 new tweets
2020-04-14 09:12:06,093: Scraped 49 new tweets
2020-04-14 09:12:06,093: Scraped 49 new tweets
2020-04-14 09:12:08,981: Scraped 49 new tweets
2020-04-14 09:12:08,981: Scraped 49 new tweets
2020-04-14 09:12:11,818: Scraped 49 new tweets
2020-04-14 09:12:11,818: Scraped 49 new tweets
2020-04-14 09:12:14,451: Scraped 49 new tweets
2020-04-14 09:12:14,451: Scraped 49 new tweets
2020-04-14 09:12:17,459: Scraped 49 new tweets
2020-04-14 09:12:17,459: Scraped 49 new tweets
2020-04-14 09:12:20,297: Scraped 49 new tweets
2020-04-14 09:12:20,297: Scraped 49 new tweets
2020-04-14 09:12:23,519: Scraped 49 new tweets
2020-04-14 09:12:23,519: Scraped 49 new tweets
2020-04-14 09:12:26,150: Scraped 49 new tweets
2020-04-14 09:12:26,150: Scraped 49 new tweets
2020-04-14 09:12:28,960: Scraped 49 new tweets
2020-04-14 09:12:28,960: Scraped 49 new tweets
2020-04-14 09:12:31,610: Scraped 49 new tweets
2020-04-14 09:12:31,610: Scraped 49 new tweets
2020-04-14 09:12:34,281: Scraped 49 new tweets
2020-04-14 09:12:34,281: Scraped 49 new tweets
2020-04-14 09:12:36,952: Scraped 49 new tweets
2020-04-14 09:12:36,952: Scraped 49 new tweets
2020-04-14 09:12:39,533: Scraped 49 new tweets
2020-04-14 09:12:39,533: Scraped 49 new tweets
2020-04-14 09:12:42,344: Scraped 49 new tweets
2020-04-14 09:12:42,344: Scraped 49 new tweets
2020-04-14 09:12:45,204: Scraped 49 new tweets
2020-04-14 09:12:45,204: Scraped 49 new tweets
2020-04-14 09:12:47,896: Scraped 49 new tweets
2020-04-14 09:12:47,896: Scraped 49 new tweets
2020-04-14 09:12:52,104: Scraped 49 new tweets
2020-04-14 09:12:52,104: Scraped 49 new tweets
2020-04-14 09:12:54,959: Scraped 49 new tweets
2020-04-14 09:12:54,959: Scraped 49 new tweets
2020-04-14 09:12:57,756: Scraped 49 new tweets
2020-04-14 09:12:57,756: Scraped 49 new tweets
2020-04-14 09:13:00,556: Scraped 49 new tweets
2020-04-14 09:13:00,556: Scraped 49 new tweets
2020-04-14 09:13:03,368: Scraped 49 new tweets
2020-04-14 09:13:03,368: Scraped 49 new tweets
2020-04-14 09:13:06,210: Scraped 49 new tweets
2020-04-14 09:13:06,210: Scraped 49 new tweets
2020-04-14 09:13:08,884: Scraped 49 new tweets
2020-04-14 09:13:08,884: Scraped 49 new tweets
2020-04-14 09:13:11,628: Scraped 49 new tweets
2020-04-14 09:13:11,628: Scraped 49 new tweets
2020-04-14 09:13:14,430: Scraped 49 new tweets
2020-04-14 09:13:14,430: Scraped 49 new tweets
2020-04-14 09:13:17,193: Scraped 49 new tweets
2020-04-14 09:13:17,193: Scraped 49 new tweets
2020-04-14 09:13:20,177: Scraped 49 new tweets
2020-04-14 09:13:20,177: Scraped 49 new tweets
2020-04-14 09:13:23,071: Scraped 49 new tweets
2020-04-14 09:13:23,071: Scraped 49 new tweets
2020-04-14 09:13:25,361: Scraped 49 new tweets
2020-04-14 09:13:25,361: Scraped 49 new tweets
2020-04-14 09:13:27,698: Scraped 49 new tweets
2020-04-14 09:13:27,698: Scraped 49 new tweets
2020-04-14 09:13:30,003: Scraped 49 new tweets
2020-04-14 09:13:30,003: Scraped 49 new tweets
2020-04-14 09:13:32,734: Scraped 49 new tweets
2020-04-14 09:13:32,734: Scraped 49 new tweets
2020-04-14 09:13:35,125: Scraped 49 new tweets
2020-04-14 09:13:35,125: Scraped 49 new tweets
2020-04-14 09:13:37,715: Scraped 49 new tweets
2020-04-14 09:13:37,715: Scraped 49 new tweets
2020-04-14 09:13:40,102: Scraped 49 new tweets
2020-04-14 09:13:40,102: Scraped 49 new tweets
2020-04-14 09:13:42,554: Scraped 49 new tweets
2020-04-14 09:13:42,554: Scraped 49 new tweets
2020-04-14 09:13:45,226: Scraped 49 new tweets
2020-04-14 09:13:45,226: Scraped 49 new tweets
2020-04-14 09:13:47,963: Scraped 49 new tweets
2020-04-14 09:13:47,963: Scraped 49 new tweets
2020-04-14 09:13:50,692: Scraped 49 new tweets
2020-04-14 09:13:50,692: Scraped 49 new tweets
2020-04-14 09:13:53,543: Scraped 49 new tweets
2020-04-14 09:13:53,543: Scraped 49 new tweets
2020-04-14 09:13:56,315: Scraped 49 new tweets
2020-04-14 09:13:56,315: Scraped 49 new tweets
2020-04-14 09:13:59,886: Scraped 49 new tweets
2020-04-14 09:13:59,886: Scraped 49 new tweets
2020-04-14 09:14:02,760: Scraped 49 new tweets
2020-04-14 09:14:02,760: Scraped 49 new tweets
2020-04-14 09:14:05,619: Scraped 49 new tweets
2020-04-14 09:14:05,619: Scraped 49 new tweets
2020-04-14 09:14:08,490: Scraped 49 new tweets
2020-04-14 09:14:08,490: Scraped 49 new tweets
2020-04-14 09:14:11,209: Scraped 49 new tweets
2020-04-14 09:14:11,209: Scraped 49 new tweets
2020-04-14 09:14:13,934: Scraped 49 new tweets
2020-04-14 09:14:13,934: Scraped 49 new tweets
2020-04-14 09:14:16,779: Scraped 49 new tweets
2020-04-14 09:14:16,779: Scraped 49 new tweets
2020-04-14 09:14:20,273: Scraped 49 new tweets
2020-04-14 09:14:20,273: Scraped 49 new tweets
2020-04-14 09:14:23,222: Scraped 49 new tweets
2020-04-14 09:14:23,222: Scraped 49 new tweets
2020-04-14 09:14:26,001: Scraped 49 new tweets
2020-04-14 09:14:26,001: Scraped 49 new tweets
2020-04-14 09:14:28,775: Scraped 49 new tweets
2020-04-14 09:14:28,775: Scraped 49 new tweets
2020-04-14 09:14:31,275: Scraped 49 new tweets
2020-04-14 09:14:31,275: Scraped 49 new tweets
2020-04-14 09:14:33,861: Scraped 49 new tweets
2020-04-14 09:14:33,861: Scraped 49 new tweets
2020-04-14 09:14:36,561: Scraped 49 new tweets
2020-04-14 09:14:36,561: Scraped 49 new tweets
2020-04-14 09:14:39,402: Scraped 49 new tweets
2020-04-14 09:14:39,402: Scraped 49 new tweets
2020-04-14 09:14:41,772: Scraped 49 new tweets
2020-04-14 09:14:41,772: Scraped 49 new tweets
2020-04-14 09:14:44,537: Scraped 49 new tweets
2020-04-14 09:14:44,537: Scraped 49 new tweets
2020-04-14 09:14:47,573: Scraped 49 new tweets
2020-04-14 09:14:47,573: Scraped 49 new tweets
2020-04-14 09:14:50,650: Scraped 49 new tweets
2020-04-14 09:14:50,650: Scraped 49 new tweets
2020-04-14 09:14:53,358: Scraped 49 new tweets
2020-04-14 09:14:53,358: Scraped 49 new tweets
2020-04-14 09:14:56,200: Scraped 49 new tweets
2020-04-14 09:14:56,200: Scraped 49 new tweets
2020-04-14 09:14:59,072: Scraped 49 new tweets
2020-04-14 09:14:59,072: Scraped 49 new tweets
2020-04-14 09:15:01,533: Scraped 49 new tweets
2020-04-14 09:15:01,533: Scraped 49 new tweets
2020-04-14 09:15:04,071: Scraped 49 new tweets
2020-04-14 09:15:04,071: Scraped 49 new tweets
2020-04-14 09:15:06,739: Scraped 49 new tweets
2020-04-14 09:15:06,739: Scraped 49 new tweets
2020-04-14 09:15:09,622: Scraped 49 new tweets
2020-04-14 09:15:09,622: Scraped 49 new tweets
2020-04-14 09:15:12,020: Scraped 49 new tweets
2020-04-14 09:15:12,020: Scraped 49 new tweets
2020-04-14 09:15:14,520: Scraped 49 new tweets
2020-04-14 09:15:14,520: Scraped 49 new tweets
2020-04-14 09:15:16,830: Scraped 49 new tweets
2020-04-14 09:15:16,830: Scraped 49 new tweets
2020-04-14 09:15:19,740: Scraped 49 new tweets
2020-04-14 09:15:19,740: Scraped 49 new tweets
2020-04-14 09:15:22,297: Scraped 49 new tweets
2020-04-14 09:15:22,297: Scraped 49 new tweets
2020-04-14 09:15:25,156: Scraped 49 new tweets
2020-04-14 09:15:25,156: Scraped 49 new tweets
2020-04-14 09:25:27,305: Scraped 49 new tweets
2020-04-14 09:25:27,305: Scraped 49 new tweets
2020-04-14 09:25:30,150: Scraped 49 new tweets
2020-04-14 09:25:30,150: Scraped 49 new tweets
2020-04-14 09:25:32,846: Scraped 49 new tweets
2020-04-14 09:25:32,846: Scraped 49 new tweets
2020-04-14 09:25:35,609: Scraped 49 new tweets
2020-04-14 09:25:35,609: Scraped 49 new tweets
2020-04-14 09:25:38,570: Scraped 49 new tweets
2020-04-14 09:25:38,570: Scraped 49 new tweets
2020-04-14 09:25:41,003: Scraped 49 new tweets
2020-04-14 09:25:41,003: Scraped 49 new tweets
2020-04-14 09:25:43,792: Scraped 49 new tweets
2020-04-14 09:25:43,792: Scraped 49 new tweets
2020-04-14 09:25:46,554: Scraped 49 new tweets
2020-04-14 09:25:46,554: Scraped 49 new tweets
2020-04-14 09:25:49,833: Scraped 49 new tweets
2020-04-14 09:25:49,833: Scraped 49 new tweets
2020-04-14 09:25:52,701: Scraped 49 new tweets
2020-04-14 09:25:52,701: Scraped 49 new tweets
2020-04-14 09:25:55,448: Scraped 49 new tweets
2020-04-14 09:25:55,448: Scraped 49 new tweets
2020-04-14 09:25:58,398: Scraped 49 new tweets
2020-04-14 09:25:58,398: Scraped 49 new tweets
2020-04-14 09:26:01,142: Scraped 49 new tweets
2020-04-14 09:26:01,142: Scraped 49 new tweets
2020-04-14 09:26:04,296: Scraped 49 new tweets
2020-04-14 09:26:04,296: Scraped 49 new tweets
2020-04-14 09:26:07,164: Scraped 49 new tweets
2020-04-14 09:26:07,164: Scraped 49 new tweets
2020-04-14 09:26:10,006: Scraped 49 new tweets
2020-04-14 09:26:10,006: Scraped 49 new tweets
2020-04-14 09:26:12,870: Scraped 49 new tweets
2020-04-14 09:26:12,870: Scraped 49 new tweets
2020-04-14 09:26:15,627: Scraped 49 new tweets
2020-04-14 09:26:15,627: Scraped 49 new tweets
2020-04-14 09:26:17,962: Scraped 49 new tweets
2020-04-14 09:26:17,962: Scraped 49 new tweets
2020-04-14 09:26:21,061: Scraped 49 new tweets
2020-04-14 09:26:21,061: Scraped 49 new tweets
2020-04-14 09:26:23,902: Scraped 49 new tweets
2020-04-14 09:26:23,902: Scraped 49 new tweets
2020-04-14 09:26:26,620: Scraped 49 new tweets
2020-04-14 09:26:26,620: Scraped 49 new tweets
2020-04-14 09:26:29,186: Scraped 49 new tweets
2020-04-14 09:26:29,186: Scraped 49 new tweets
2020-04-14 09:26:32,029: Scraped 49 new tweets
2020-04-14 09:26:32,029: Scraped 49 new tweets
2020-04-14 09:26:34,894: Scraped 49 new tweets
2020-04-14 09:26:34,894: Scraped 49 new tweets
2020-04-14 09:26:37,735: Scraped 49 new tweets
2020-04-14 09:26:37,735: Scraped 49 new tweets
2020-04-14 09:26:40,341: Scraped 49 new tweets
2020-04-14 09:26:40,341: Scraped 49 new tweets
2020-04-14 09:26:43,379: Scraped 49 new tweets
2020-04-14 09:26:43,379: Scraped 49 new tweets
2020-04-14 09:26:46,264: Scraped 49 new tweets
2020-04-14 09:26:46,264: Scraped 49 new tweets
2020-04-14 09:26:48,527: Scraped 49 new tweets
2020-04-14 09:26:48,527: Scraped 49 new tweets
2020-04-14 09:26:51,485: Scraped 49 new tweets
2020-04-14 09:26:51,485: Scraped 49 new tweets
2020-04-14 09:26:54,455: Scraped 49 new tweets
2020-04-14 09:26:54,455: Scraped 49 new tweets
2020-04-14 09:26:57,310: Scraped 49 new tweets
2020-04-14 09:26:57,310: Scraped 49 new tweets
2020-04-14 09:27:00,081: Scraped 49 new tweets
2020-04-14 09:27:00,081: Scraped 49 new tweets
2020-04-14 09:27:02,954: Scraped 49 new tweets
2020-04-14 09:27:02,954: Scraped 49 new tweets
2020-04-14 09:27:05,716: Scraped 49 new tweets
2020-04-14 09:27:05,716: Scraped 49 new tweets
2020-04-14 09:27:08,282: Scraped 49 new tweets
2020-04-14 09:27:08,282: Scraped 49 new tweets
2020-04-14 09:27:10,810: Scraped 49 new tweets
2020-04-14 09:27:10,810: Scraped 49 new tweets
2020-04-14 09:27:13,658: Scraped 49 new tweets
2020-04-14 09:27:13,658: Scraped 49 new tweets
2020-04-14 09:27:16,876: Scraped 49 new tweets
2020-04-14 09:27:16,876: Scraped 49 new tweets
2020-04-14 09:27:19,487: Scraped 49 new tweets
2020-04-14 09:27:19,487: Scraped 49 new tweets
2020-04-14 09:27:22,148: Scraped 49 new tweets
2020-04-14 09:27:22,148: Scraped 49 new tweets
2020-04-14 09:27:24,978: Scraped 49 new tweets
2020-04-14 09:27:24,978: Scraped 49 new tweets
2020-04-14 09:27:27,736: Scraped 49 new tweets
2020-04-14 09:27:27,736: Scraped 49 new tweets
2020-04-14 09:27:30,399: Scraped 49 new tweets
2020-04-14 09:27:30,399: Scraped 49 new tweets
2020-04-14 09:27:33,172: Scraped 49 new tweets
2020-04-14 09:27:33,172: Scraped 49 new tweets
2020-04-14 09:27:35,924: Scraped 49 new tweets
2020-04-14 09:27:35,924: Scraped 49 new tweets
2020-04-14 09:27:38,587: Scraped 49 new tweets
2020-04-14 09:27:38,587: Scraped 49 new tweets
2020-04-14 09:27:41,357: Scraped 49 new tweets
2020-04-14 09:27:41,357: Scraped 49 new tweets
2020-04-14 09:27:44,103: Scraped 49 new tweets
2020-04-14 09:27:44,103: Scraped 49 new tweets
2020-04-14 09:27:46,698: Scraped 49 new tweets
2020-04-14 09:27:46,698: Scraped 49 new tweets
2020-04-14 09:27:49,341: Scraped 49 new tweets
2020-04-14 09:27:49,341: Scraped 49 new tweets
2020-04-14 09:27:52,318: Scraped 49 new tweets
2020-04-14 09:27:52,318: Scraped 49 new tweets
2020-04-14 09:27:55,179: Scraped 49 new tweets
2020-04-14 09:27:55,179: Scraped 49 new tweets
2020-04-14 09:27:58,045: Scraped 49 new tweets
2020-04-14 09:27:58,045: Scraped 49 new tweets
2020-04-14 09:28:01,014: Scraped 49 new tweets
2020-04-14 09:28:01,014: Scraped 49 new tweets
2020-04-14 09:28:03,753: Scraped 49 new tweets
2020-04-14 09:28:03,753: Scraped 49 new tweets
2020-04-14 09:28:06,682: Scraped 49 new tweets
2020-04-14 09:28:06,682: Scraped 49 new tweets
2020-04-14 09:28:09,103: Scraped 49 new tweets
2020-04-14 09:28:09,103: Scraped 49 new tweets
2020-04-14 09:28:11,674: Scraped 49 new tweets
2020-04-14 09:28:11,674: Scraped 49 new tweets
2020-04-14 09:28:14,009: Scraped 49 new tweets
2020-04-14 09:28:14,009: Scraped 49 new tweets
2020-04-14 09:28:16,765: Scraped 49 new tweets
2020-04-14 09:28:16,765: Scraped 49 new tweets
2020-04-14 09:28:19,753: Scraped 49 new tweets
2020-04-14 09:28:19,753: Scraped 49 new tweets
2020-04-14 09:28:22,513: Scraped 49 new tweets
2020-04-14 09:28:22,513: Scraped 49 new tweets
2020-04-14 09:28:25,301: Scraped 49 new tweets
2020-04-14 09:28:25,301: Scraped 49 new tweets
2020-04-14 09:28:27,841: Scraped 49 new tweets
2020-04-14 09:28:27,841: Scraped 49 new tweets
2020-04-14 09:28:30,593: Scraped 49 new tweets
2020-04-14 09:28:30,593: Scraped 49 new tweets
2020-04-14 09:28:32,982: Scraped 49 new tweets
2020-04-14 09:28:32,982: Scraped 49 new tweets
2020-04-14 09:28:35,339: Scraped 49 new tweets
2020-04-14 09:28:35,339: Scraped 49 new tweets
2020-04-14 09:28:37,658: Scraped 49 new tweets
2020-04-14 09:28:37,658: Scraped 49 new tweets
2020-04-14 09:28:41,012: Scraped 49 new tweets
2020-04-14 09:28:41,012: Scraped 49 new tweets
2020-04-14 09:28:43,567: Scraped 49 new tweets
2020-04-14 09:28:43,567: Scraped 49 new tweets
2020-04-14 09:28:46,498: Scraped 49 new tweets
2020-04-14 09:28:46,498: Scraped 49 new tweets
2020-04-14 09:28:49,291: Scraped 49 new tweets
2020-04-14 09:28:49,291: Scraped 49 new tweets
2020-04-14 09:28:51,864: Scraped 49 new tweets
2020-04-14 09:28:51,864: Scraped 49 new tweets
2020-04-14 09:28:54,028: Scraped 49 new tweets
2020-04-14 09:28:54,028: Scraped 49 new tweets
2020-04-14 09:28:56,749: Scraped 49 new tweets
2020-04-14 09:28:56,749: Scraped 49 new tweets
2020-04-14 09:28:59,497: Scraped 49 new tweets
2020-04-14 09:28:59,497: Scraped 49 new tweets
2020-04-14 09:29:01,973: Scraped 49 new tweets
2020-04-14 09:29:01,973: Scraped 49 new tweets
2020-04-14 09:29:04,398: Scraped 49 new tweets
2020-04-14 09:29:04,398: Scraped 49 new tweets
2020-04-14 09:29:06,956: Scraped 49 new tweets
2020-04-14 09:29:06,956: Scraped 49 new tweets
2020-04-14 09:29:09,731: Scraped 49 new tweets
2020-04-14 09:29:09,731: Scraped 49 new tweets
2020-04-14 09:29:12,200: Scraped 49 new tweets
2020-04-14 09:29:12,200: Scraped 49 new tweets
2020-04-14 09:29:15,054: Scraped 49 new tweets
2020-04-14 09:29:15,054: Scraped 49 new tweets
2020-04-14 09:29:17,918: Scraped 49 new tweets
2020-04-14 09:29:17,918: Scraped 49 new tweets
2020-04-14 09:29:20,817: Scraped 49 new tweets
2020-04-14 09:29:20,817: Scraped 49 new tweets
2020-04-14 09:29:23,310: Scraped 49 new tweets
2020-04-14 09:29:23,310: Scraped 49 new tweets
2020-04-14 09:29:26,230: Scraped 49 new tweets
2020-04-14 09:29:26,230: Scraped 49 new tweets
2020-04-14 09:29:29,086: Scraped 49 new tweets
2020-04-14 09:29:29,086: Scraped 49 new tweets
2020-04-14 09:29:31,841: Scraped 49 new tweets
2020-04-14 09:29:31,841: Scraped 49 new tweets
2020-04-14 09:29:34,468: Scraped 49 new tweets
2020-04-14 09:29:34,468: Scraped 49 new tweets
2020-04-14 09:29:37,278: Scraped 49 new tweets
2020-04-14 09:29:37,278: Scraped 49 new tweets
2020-04-14 09:29:40,131: Scraped 49 new tweets
2020-04-14 09:29:40,131: Scraped 49 new tweets
2020-04-14 09:29:42,916: Scraped 49 new tweets
2020-04-14 09:29:42,916: Scraped 49 new tweets
2020-04-14 09:29:45,507: Scraped 49 new tweets
2020-04-14 09:29:45,507: Scraped 49 new tweets
2020-04-14 09:29:48,032: Scraped 49 new tweets
2020-04-14 09:29:48,032: Scraped 49 new tweets
2020-04-14 09:29:50,494: Scraped 49 new tweets
2020-04-14 09:29:50,494: Scraped 49 new tweets
2020-04-14 09:29:52,960: Scraped 49 new tweets
2020-04-14 09:29:52,960: Scraped 49 new tweets
2020-04-14 09:29:55,605: Scraped 49 new tweets
2020-04-14 09:29:55,605: Scraped 49 new tweets
2020-04-14 09:29:58,232: Scraped 49 new tweets
2020-04-14 09:29:58,232: Scraped 49 new tweets
2020-04-14 09:30:00,708: Scraped 49 new tweets
2020-04-14 09:30:00,708: Scraped 49 new tweets
2020-04-14 09:30:03,769: Scraped 49 new tweets
2020-04-14 09:30:03,769: Scraped 49 new tweets
2020-04-14 09:30:06,561: Scraped 49 new tweets
2020-04-14 09:30:06,561: Scraped 49 new tweets
2020-04-14 09:30:09,221: Scraped 49 new tweets
2020-04-14 09:30:09,221: Scraped 49 new tweets
2020-04-14 09:30:12,198: Scraped 49 new tweets
2020-04-14 09:30:12,198: Scraped 49 new tweets
2020-04-14 09:30:15,167: Scraped 49 new tweets
2020-04-14 09:30:15,167: Scraped 49 new tweets
2020-04-14 09:30:17,538: Scraped 49 new tweets
2020-04-14 09:30:17,538: Scraped 49 new tweets
2020-04-14 09:30:20,867: Scraped 49 new tweets
2020-04-14 09:30:20,867: Scraped 49 new tweets
2020-04-14 09:30:23,539: Scraped 49 new tweets
2020-04-14 09:30:23,539: Scraped 49 new tweets
2020-04-14 09:30:26,434: Scraped 49 new tweets
2020-04-14 09:30:26,434: Scraped 49 new tweets
2020-04-14 09:30:29,192: Scraped 49 new tweets
2020-04-14 09:30:29,192: Scraped 49 new tweets
2020-04-14 09:30:32,133: Scraped 49 new tweets
2020-04-14 09:30:32,133: Scraped 49 new tweets
2020-04-14 09:30:34,813: Scraped 49 new tweets
2020-04-14 09:30:34,813: Scraped 49 new tweets
2020-04-14 09:40:33,638: Scraped 49 new tweets
2020-04-14 09:40:33,638: Scraped 49 new tweets
2020-04-14 09:40:36,501: Scraped 49 new tweets
2020-04-14 09:40:36,501: Scraped 49 new tweets
2020-04-14 09:40:39,272: Scraped 49 new tweets
2020-04-14 09:40:39,272: Scraped 49 new tweets
2020-04-14 09:40:42,068: Scraped 49 new tweets
2020-04-14 09:40:42,068: Scraped 49 new tweets
2020-04-14 09:40:44,951: Scraped 49 new tweets
2020-04-14 09:40:44,951: Scraped 49 new tweets
2020-04-14 09:40:47,877: Scraped 49 new tweets
2020-04-14 09:40:47,877: Scraped 49 new tweets
2020-04-14 09:40:50,540: Scraped 49 new tweets
2020-04-14 09:40:50,540: Scraped 49 new tweets
2020-04-14 09:40:53,343: Scraped 49 new tweets
2020-04-14 09:40:53,343: Scraped 49 new tweets
2020-04-14 09:40:56,179: Scraped 49 new tweets
2020-04-14 09:40:56,179: Scraped 49 new tweets
2020-04-14 09:40:59,369: Scraped 49 new tweets
2020-04-14 09:40:59,369: Scraped 49 new tweets
2020-04-14 09:41:02,837: Scraped 49 new tweets
2020-04-14 09:41:02,837: Scraped 49 new tweets
2020-04-14 09:41:05,714: Scraped 49 new tweets
2020-04-14 09:41:05,714: Scraped 49 new tweets
2020-04-14 09:41:08,491: Scraped 49 new tweets
2020-04-14 09:41:08,491: Scraped 49 new tweets
2020-04-14 09:41:11,339: Scraped 49 new tweets
2020-04-14 09:41:11,339: Scraped 49 new tweets
2020-04-14 09:41:14,221: Scraped 49 new tweets
2020-04-14 09:41:14,221: Scraped 49 new tweets
2020-04-14 09:41:17,057: Scraped 49 new tweets
2020-04-14 09:41:17,057: Scraped 49 new tweets
2020-04-14 09:41:19,746: Scraped 49 new tweets
2020-04-14 09:41:19,746: Scraped 49 new tweets
2020-04-14 09:41:23,348: Scraped 49 new tweets
2020-04-14 09:41:23,348: Scraped 49 new tweets
2020-04-14 09:41:26,145: Scraped 49 new tweets
2020-04-14 09:41:26,145: Scraped 49 new tweets
2020-04-14 09:41:28,764: Scraped 49 new tweets
2020-04-14 09:41:28,764: Scraped 49 new tweets
2020-04-14 09:41:31,601: Scraped 49 new tweets
2020-04-14 09:41:31,601: Scraped 49 new tweets
2020-04-14 09:41:34,492: Scraped 49 new tweets
2020-04-14 09:41:34,492: Scraped 49 new tweets
2020-04-14 09:41:37,341: Scraped 49 new tweets
2020-04-14 09:41:37,341: Scraped 49 new tweets
2020-04-14 09:41:39,896: Scraped 49 new tweets
2020-04-14 09:41:39,896: Scraped 49 new tweets
2020-04-14 09:41:42,553: Scraped 49 new tweets
2020-04-14 09:41:42,553: Scraped 49 new tweets
2020-04-14 09:41:45,221: Scraped 49 new tweets
2020-04-14 09:41:45,221: Scraped 49 new tweets
2020-04-14 09:41:47,982: Scraped 49 new tweets
2020-04-14 09:41:47,982: Scraped 49 new tweets
2020-04-14 09:41:50,506: Scraped 49 new tweets
2020-04-14 09:41:50,506: Scraped 49 new tweets
2020-04-14 09:41:53,302: Scraped 49 new tweets
2020-04-14 09:41:53,302: Scraped 49 new tweets
2020-04-14 09:41:55,764: Scraped 49 new tweets
2020-04-14 09:41:55,764: Scraped 49 new tweets
2020-04-14 09:41:58,276: Scraped 49 new tweets
2020-04-14 09:41:58,276: Scraped 49 new tweets
2020-04-14 09:42:01,087: Scraped 49 new tweets
2020-04-14 09:42:01,087: Scraped 49 new tweets
2020-04-14 09:42:03,851: Scraped 49 new tweets
2020-04-14 09:42:03,851: Scraped 49 new tweets
2020-04-14 09:42:06,451: Scraped 49 new tweets
2020-04-14 09:42:06,451: Scraped 49 new tweets
2020-04-14 09:42:09,177: Scraped 49 new tweets
2020-04-14 09:42:09,177: Scraped 49 new tweets
2020-04-14 09:42:12,134: Scraped 49 new tweets
2020-04-14 09:42:12,134: Scraped 49 new tweets
2020-04-14 09:42:14,907: Scraped 49 new tweets
2020-04-14 09:42:14,907: Scraped 49 new tweets
2020-04-14 09:42:17,599: Scraped 49 new tweets
2020-04-14 09:42:17,599: Scraped 49 new tweets
2020-04-14 09:42:20,442: Scraped 4 new tweets
2020-04-14 09:42:20,442: Scraped 4 new tweets
2020-04-14 09:42:35,704: Creating file data/fala.csv
2020-04-14 09:42:35,704: Creating file data/fala.csv
2020-04-14 09:42:35,915: Appending to file data/fala.csv. Got 344 columns. Writing 328.
2020-04-14 09:42:35,915: Appending to file data/fala.csv. Got 344 columns. Writing 328.
2020-04-14 09:42:43,971: Failed. Error 
write() takes exactly one argument (2 given).
Traceback (most recent call last):
  File "/home/piotr/projects/twitter/twitter_scrapers.py", line 639, in scrape
    if csv:
TypeError: write() takes exactly one argument (2 given)
2020-04-14 09:42:43,971: Failed. Error 
write() takes exactly one argument (2 given).
Traceback (most recent call last):
  File "/home/piotr/projects/twitter/twitter_scrapers.py", line 639, in scrape
    if csv:
TypeError: write() takes exactly one argument (2 given)
2020-04-14 09:42:43,979: Finished scraping. Total 40430
2020-04-14 09:42:43,979: Finished scraping. Total 40430
2020-04-14 10:03:10,076: Initialized
2020-04-14 10:03:17,106: Initialized
2020-04-14 10:03:17,106: Initialized
2020-04-14 10:03:17,107: Failed. Error 
'super' object has no attribute '_writeTXT'.
Traceback (most recent call last):
  File "/home/piotr/projects/twitter/twitter_scrapers.py", line 666, in scrape
    cols = cols)
  File "/home/piotr/projects/twitter/twitter_scrapers.py", line 96, in scrape
    writer = functools.partial(super()._writeTXT, path_txt = path + ".txt")
AttributeError: 'super' object has no attribute '_writeTXT'
2020-04-14 10:03:17,107: Failed. Error 
'super' object has no attribute '_writeTXT'.
Traceback (most recent call last):
  File "/home/piotr/projects/twitter/twitter_scrapers.py", line 666, in scrape
    cols = cols)
  File "/home/piotr/projects/twitter/twitter_scrapers.py", line 96, in scrape
    writer = functools.partial(super()._writeTXT, path_txt = path + ".txt")
AttributeError: 'super' object has no attribute '_writeTXT'
2020-04-14 10:05:37,300: Initialized
2020-04-14 10:05:37,571: Error: 
Twitter error response: status code = 401. Waiting 60 seconds
Traceback (most recent call last):
  File "/home/piotr/projects/twitter/twitter_scrapers.py", line 130, in scrape
    for tweet in cursor: #iterate over limit
  File "/home/piotr/anaconda3/lib/python3.7/site-packages/tweepy/cursor.py", line 47, in __next__
    return self.next()
  File "/home/piotr/anaconda3/lib/python3.7/site-packages/tweepy/cursor.py", line 195, in next
    self.current_page = self.page_iterator.next()
  File "/home/piotr/anaconda3/lib/python3.7/site-packages/tweepy/cursor.py", line 106, in next
    data = self.method(max_id=self.max_id, parser=RawParser(), *self.args, **self.kargs)
  File "/home/piotr/anaconda3/lib/python3.7/site-packages/tweepy/binder.py", line 250, in _call
    return method.execute()
  File "/home/piotr/anaconda3/lib/python3.7/site-packages/tweepy/binder.py", line 233, in execute
    raise TweepError(error_msg, resp, api_code=api_error_code)
tweepy.error.TweepError: Twitter error response: status code = 401
2020-04-14 10:06:37,957: Error: 
Twitter error response: status code = 401. Waiting 60 seconds
Traceback (most recent call last):
  File "/home/piotr/projects/twitter/twitter_scrapers.py", line 130, in scrape
    for tweet in cursor: #iterate over limit
  File "/home/piotr/anaconda3/lib/python3.7/site-packages/tweepy/cursor.py", line 47, in __next__
    return self.next()
  File "/home/piotr/anaconda3/lib/python3.7/site-packages/tweepy/cursor.py", line 195, in next
    self.current_page = self.page_iterator.next()
  File "/home/piotr/anaconda3/lib/python3.7/site-packages/tweepy/cursor.py", line 106, in next
    data = self.method(max_id=self.max_id, parser=RawParser(), *self.args, **self.kargs)
  File "/home/piotr/anaconda3/lib/python3.7/site-packages/tweepy/binder.py", line 250, in _call
    return method.execute()
  File "/home/piotr/anaconda3/lib/python3.7/site-packages/tweepy/binder.py", line 233, in execute
    raise TweepError(error_msg, resp, api_code=api_error_code)
tweepy.error.TweepError: Twitter error response: status code = 401
2020-04-14 10:07:38,349: Error: 
Twitter error response: status code = 401. Waiting 60 seconds
Traceback (most recent call last):
  File "/home/piotr/projects/twitter/twitter_scrapers.py", line 130, in scrape
    for tweet in cursor: #iterate over limit
  File "/home/piotr/anaconda3/lib/python3.7/site-packages/tweepy/cursor.py", line 47, in __next__
    return self.next()
  File "/home/piotr/anaconda3/lib/python3.7/site-packages/tweepy/cursor.py", line 195, in next
    self.current_page = self.page_iterator.next()
  File "/home/piotr/anaconda3/lib/python3.7/site-packages/tweepy/cursor.py", line 106, in next
    data = self.method(max_id=self.max_id, parser=RawParser(), *self.args, **self.kargs)
  File "/home/piotr/anaconda3/lib/python3.7/site-packages/tweepy/binder.py", line 250, in _call
    return method.execute()
  File "/home/piotr/anaconda3/lib/python3.7/site-packages/tweepy/binder.py", line 233, in execute
    raise TweepError(error_msg, resp, api_code=api_error_code)
tweepy.error.TweepError: Twitter error response: status code = 401
2020-04-14 10:08:38,719: Error: 
Twitter error response: status code = 401. Failed to scrape.
Traceback (most recent call last):
  File "/home/piotr/projects/twitter/twitter_scrapers.py", line 130, in scrape
    for tweet in cursor: #iterate over limit
  File "/home/piotr/anaconda3/lib/python3.7/site-packages/tweepy/cursor.py", line 47, in __next__
    return self.next()
  File "/home/piotr/anaconda3/lib/python3.7/site-packages/tweepy/cursor.py", line 195, in next
    self.current_page = self.page_iterator.next()
  File "/home/piotr/anaconda3/lib/python3.7/site-packages/tweepy/cursor.py", line 106, in next
    data = self.method(max_id=self.max_id, parser=RawParser(), *self.args, **self.kargs)
  File "/home/piotr/anaconda3/lib/python3.7/site-packages/tweepy/binder.py", line 250, in _call
    return method.execute()
  File "/home/piotr/anaconda3/lib/python3.7/site-packages/tweepy/binder.py", line 233, in execute
    raise TweepError(error_msg, resp, api_code=api_error_code)
tweepy.error.TweepError: Twitter error response: status code = 401
2020-04-14 10:08:38,797: Failed. Error 
write() takes exactly one argument (2 given).
Traceback (most recent call last):
  File "/home/piotr/projects/twitter/twitter_scrapers.py", line 669, in scrape
    f.write([rec + "\n" for rec in record], "w")
TypeError: write() takes exactly one argument (2 given)
2020-04-14 10:08:38,798: Finished scraping. Total 0
2020-04-14 10:09:04,240: Initialized
2020-04-14 10:09:04,540: Error: 
Twitter error response: status code = 401. Waiting 60 seconds
Traceback (most recent call last):
  File "/home/piotr/projects/twitter/twitter_scrapers.py", line 130, in scrape
    for tweet in cursor: #iterate over limit
  File "/home/piotr/anaconda3/lib/python3.7/site-packages/tweepy/cursor.py", line 47, in __next__
    return self.next()
  File "/home/piotr/anaconda3/lib/python3.7/site-packages/tweepy/cursor.py", line 195, in next
    self.current_page = self.page_iterator.next()
  File "/home/piotr/anaconda3/lib/python3.7/site-packages/tweepy/cursor.py", line 106, in next
    data = self.method(max_id=self.max_id, parser=RawParser(), *self.args, **self.kargs)
  File "/home/piotr/anaconda3/lib/python3.7/site-packages/tweepy/binder.py", line 250, in _call
    return method.execute()
  File "/home/piotr/anaconda3/lib/python3.7/site-packages/tweepy/binder.py", line 233, in execute
    raise TweepError(error_msg, resp, api_code=api_error_code)
tweepy.error.TweepError: Twitter error response: status code = 401
2020-04-14 10:09:44,629: Initialized
2020-04-14 10:09:44,984: Error: 
Twitter error response: status code = 401. Waiting 60 seconds
Traceback (most recent call last):
  File "/home/piotr/projects/twitter/twitter_scrapers.py", line 130, in scrape
    for tweet in cursor: #iterate over limit
  File "/home/piotr/anaconda3/lib/python3.7/site-packages/tweepy/cursor.py", line 47, in __next__
    return self.next()
  File "/home/piotr/anaconda3/lib/python3.7/site-packages/tweepy/cursor.py", line 195, in next
    self.current_page = self.page_iterator.next()
  File "/home/piotr/anaconda3/lib/python3.7/site-packages/tweepy/cursor.py", line 106, in next
    data = self.method(max_id=self.max_id, parser=RawParser(), *self.args, **self.kargs)
  File "/home/piotr/anaconda3/lib/python3.7/site-packages/tweepy/binder.py", line 250, in _call
    return method.execute()
  File "/home/piotr/anaconda3/lib/python3.7/site-packages/tweepy/binder.py", line 233, in execute
    raise TweepError(error_msg, resp, api_code=api_error_code)
tweepy.error.TweepError: Twitter error response: status code = 401
2020-04-14 10:12:01,226: Initialized
2020-04-14 10:12:03,021: Scraped 50 new tweets
2020-04-14 10:12:03,128: Creating file data/test.csv
2020-04-14 10:12:03,227: Appending to file data/test.csv. Got 149 columns. Writing 149.
2020-04-14 10:12:04,946: Scraped 26 new tweets
2020-04-14 10:12:05,041: Appending to file data/test.csv. Got 148 columns. Writing 149.
2020-04-14 10:12:05,111: Scraped user ID 1073461458. Number of tweets 76.
2020-04-14 10:12:05,115: Finished scraping. Total 76
2020-04-17 08:18:12,864: Initialized
2020-04-17 08:18:15,082: Scraped 50 new tweets
2020-04-17 08:18:15,187: Creating file data/fala.csv
2020-04-17 08:18:15,340: Appending to file data/fala.csv. Got 238 columns. Writing 328.
2020-04-17 08:18:18,068: Scraped 49 new tweets
2020-04-17 08:18:18,200: Appending to file data/fala.csv. Got 236 columns. Writing 328.
2020-04-17 08:18:21,129: Scraped 49 new tweets
2020-04-17 08:18:21,350: Appending to file data/fala.csv. Got 226 columns. Writing 328.
2020-04-17 08:18:23,810: Scraped 49 new tweets
2020-04-17 08:18:24,004: Appending to file data/fala.csv. Got 295 columns. Writing 328.
2020-04-17 08:18:26,353: Scraped 49 new tweets
2020-04-17 08:18:26,518: Appending to file data/fala.csv. Got 232 columns. Writing 328.
2020-04-17 08:18:28,829: Scraped 49 new tweets
2020-04-17 08:18:29,178: Appending to file data/fala.csv. Got 300 columns. Writing 328.
2020-04-17 08:18:31,415: Scraped 49 new tweets
2020-04-17 08:18:31,635: Appending to file data/fala.csv. Got 297 columns. Writing 328.
2020-04-17 08:18:33,794: Scraped 49 new tweets
2020-04-17 08:18:33,979: Appending to file data/fala.csv. Got 306 columns. Writing 328.
2020-04-17 08:18:36,296: Scraped 49 new tweets
2020-04-17 08:18:36,597: Appending to file data/fala.csv. Got 302 columns. Writing 328.
2020-04-17 08:18:39,091: Scraped 49 new tweets
2020-04-17 08:18:39,279: Appending to file data/fala.csv. Got 226 columns. Writing 328.
2020-04-17 08:18:41,544: Scraped 49 new tweets
2020-04-17 08:18:41,797: Appending to file data/fala.csv. Got 232 columns. Writing 328.
2020-04-17 08:18:44,415: Scraped 49 new tweets
2020-04-17 08:18:44,631: Appending to file data/fala.csv. Got 306 columns. Writing 328.
2020-04-17 08:18:46,944: Scraped 49 new tweets
2020-04-17 08:18:47,176: Appending to file data/fala.csv. Got 236 columns. Writing 328.
2020-04-17 08:18:49,735: Scraped 49 new tweets
2020-04-17 08:18:49,936: Appending to file data/fala.csv. Got 226 columns. Writing 328.
2020-04-17 08:18:52,308: Scraped 49 new tweets
2020-04-17 08:18:52,551: Appending to file data/fala.csv. Got 246 columns. Writing 328.
2020-04-17 08:18:55,340: Scraped 49 new tweets
2020-04-17 08:18:55,594: Appending to file data/fala.csv. Got 312 columns. Writing 328.
2020-04-17 08:18:57,818: Scraped 49 new tweets
2020-04-17 08:18:58,072: Appending to file data/fala.csv. Got 296 columns. Writing 328.
2020-04-17 08:19:00,709: Scraped 49 new tweets
2020-04-17 08:19:01,005: Appending to file data/fala.csv. Got 310 columns. Writing 328.
2020-04-17 08:19:03,432: Scraped 49 new tweets
2020-04-17 08:19:03,670: Appending to file data/fala.csv. Got 228 columns. Writing 328.
2020-04-17 08:19:06,282: Scraped 49 new tweets
2020-04-17 08:19:06,549: Appending to file data/fala.csv. Got 226 columns. Writing 328.
2020-04-17 08:19:08,961: Scraped 49 new tweets
2020-04-17 08:19:09,228: Appending to file data/fala.csv. Got 236 columns. Writing 328.
2020-04-17 08:19:11,652: Scraped 49 new tweets
2020-04-17 08:19:11,986: Appending to file data/fala.csv. Got 300 columns. Writing 328.
2020-04-17 08:19:14,326: Scraped 49 new tweets
2020-04-17 08:19:14,620: Appending to file data/fala.csv. Got 228 columns. Writing 328.
2020-04-17 08:19:17,052: Scraped 49 new tweets
2020-04-17 08:19:17,399: Appending to file data/fala.csv. Got 312 columns. Writing 328.
2020-04-17 08:19:19,912: Scraped 49 new tweets
2020-04-17 08:19:20,259: Appending to file data/fala.csv. Got 298 columns. Writing 328.
2020-04-17 08:19:22,917: Scraped 49 new tweets
2020-04-17 08:19:23,339: Appending to file data/fala.csv. Got 312 columns. Writing 328.
2020-04-17 08:19:25,544: Scraped 49 new tweets
2020-04-17 08:19:25,944: Appending to file data/fala.csv. Got 310 columns. Writing 328.
2020-04-17 08:19:28,212: Scraped 49 new tweets
2020-04-17 08:19:28,622: Appending to file data/fala.csv. Got 305 columns. Writing 328.
2020-04-17 08:19:30,926: Scraped 49 new tweets
2020-04-17 08:19:31,351: Appending to file data/fala.csv. Got 293 columns. Writing 328.
2020-04-17 08:19:34,075: Scraped 49 new tweets
2020-04-17 08:19:34,532: Appending to file data/fala.csv. Got 302 columns. Writing 328.
2020-04-17 08:19:36,881: Scraped 49 new tweets
2020-04-17 08:19:37,352: Appending to file data/fala.csv. Got 304 columns. Writing 328.
2020-04-17 08:19:40,295: Scraped 49 new tweets
2020-04-17 08:19:40,806: Appending to file data/fala.csv. Got 302 columns. Writing 328.
2020-04-17 08:19:43,372: Scraped 49 new tweets
2020-04-17 08:19:43,971: Appending to file data/fala.csv. Got 302 columns. Writing 328.
2020-04-17 08:19:46,846: Scraped 49 new tweets
2020-04-17 08:19:47,390: Appending to file data/fala.csv. Got 311 columns. Writing 328.
2020-04-17 08:19:50,135: Scraped 49 new tweets
2020-04-17 08:19:50,724: Appending to file data/fala.csv. Got 312 columns. Writing 328.
2020-04-17 08:19:53,512: Scraped 49 new tweets
2020-04-17 08:19:54,155: Appending to file data/fala.csv. Got 310 columns. Writing 328.
2020-04-17 08:20:01,639: Scraped 49 new tweets
2020-04-17 08:20:02,225: Appending to file data/fala.csv. Got 236 columns. Writing 328.
2020-04-17 08:20:09,628: Scraped 49 new tweets
2020-04-17 08:20:10,412: Appending to file data/fala.csv. Got 314 columns. Writing 328.
2020-04-17 08:20:12,651: Scraped 49 new tweets
2020-04-17 08:20:13,499: Appending to file data/fala.csv. Got 309 columns. Writing 328.
2020-04-17 08:20:16,857: Scraped 49 new tweets
2020-04-17 08:20:17,672: Appending to file data/fala.csv. Got 302 columns. Writing 328.
2020-04-17 08:20:20,030: Scraped 49 new tweets
2020-04-17 08:20:20,980: Appending to file data/fala.csv. Got 307 columns. Writing 328.
2020-04-17 08:20:23,229: Scraped 49 new tweets
2020-04-17 08:20:24,147: Appending to file data/fala.csv. Got 308 columns. Writing 328.
2020-04-17 08:20:26,474: Scraped 49 new tweets
2020-04-17 08:20:27,449: Appending to file data/fala.csv. Got 306 columns. Writing 328.
2020-04-17 08:20:30,976: Scraped 49 new tweets
2020-04-17 08:20:32,011: Appending to file data/fala.csv. Got 312 columns. Writing 328.
2020-04-17 08:20:35,077: Scraped 49 new tweets
2020-04-17 08:20:36,192: Appending to file data/fala.csv. Got 318 columns. Writing 328.
2020-04-17 08:20:42,761: Scraped 49 new tweets
2020-04-17 08:20:44,061: Appending to file data/fala.csv. Got 310 columns. Writing 328.
2020-04-17 08:20:52,489: Scraped 49 new tweets
2020-04-17 08:20:53,758: Appending to file data/fala.csv. Got 312 columns. Writing 328.
2020-04-17 08:20:58,529: Scraped 49 new tweets
2020-04-17 08:20:59,792: Appending to file data/fala.csv. Got 300 columns. Writing 328.
2020-04-17 08:21:05,184: Scraped 49 new tweets
2020-04-17 08:21:06,624: Appending to file data/fala.csv. Got 319 columns. Writing 328.
2020-04-17 08:21:11,530: Scraped 49 new tweets
2020-04-17 08:21:13,089: Appending to file data/fala.csv. Got 309 columns. Writing 328.
2020-04-17 08:21:15,736: Scraped 49 new tweets
2020-04-17 08:21:17,283: Appending to file data/fala.csv. Got 311 columns. Writing 328.
2020-04-17 08:21:23,547: Scraped 49 new tweets
2020-04-17 08:21:25,307: Appending to file data/fala.csv. Got 299 columns. Writing 328.
2020-04-17 08:21:27,992: Scraped 49 new tweets
2020-04-17 08:21:30,081: Appending to file data/fala.csv. Got 298 columns. Writing 328.
2020-04-17 08:21:32,344: Scraped 49 new tweets
2020-04-17 08:21:35,251: Appending to file data/fala.csv. Got 302 columns. Writing 328.
2020-04-17 08:21:37,354: Scraped 49 new tweets
2020-04-17 08:21:39,581: Appending to file data/fala.csv. Got 312 columns. Writing 328.
2020-04-17 08:21:42,183: Scraped 49 new tweets
2020-04-17 08:21:44,373: Appending to file data/fala.csv. Got 312 columns. Writing 328.
2020-04-17 08:21:46,864: Scraped 49 new tweets
2020-04-17 08:21:49,596: Appending to file data/fala.csv. Got 302 columns. Writing 328.
2020-04-17 08:21:53,452: Scraped 49 new tweets
2020-04-17 08:21:56,483: Appending to file data/fala.csv. Got 310 columns. Writing 328.
2020-04-17 08:21:59,048: Scraped 49 new tweets
2020-04-17 08:22:01,629: Appending to file data/fala.csv. Got 306 columns. Writing 328.
2020-04-17 08:22:04,096: Scraped 49 new tweets
2020-04-17 08:22:06,854: Appending to file data/fala.csv. Got 310 columns. Writing 328.
2020-04-17 08:22:09,186: Scraped 49 new tweets
2020-04-17 08:22:11,935: Appending to file data/fala.csv. Got 311 columns. Writing 328.
2020-04-17 08:22:14,741: Scraped 49 new tweets
2020-04-17 08:22:17,587: Appending to file data/fala.csv. Got 301 columns. Writing 328.
2020-04-17 08:22:20,081: Scraped 49 new tweets
2020-04-17 08:22:23,565: Appending to file data/fala.csv. Got 234 columns. Writing 328.
2020-04-17 08:22:26,749: Scraped 49 new tweets
2020-04-17 08:22:30,082: Appending to file data/fala.csv. Got 309 columns. Writing 328.
2020-04-17 08:22:32,872: Scraped 49 new tweets
2020-04-17 08:22:36,555: Appending to file data/fala.csv. Got 302 columns. Writing 328.
2020-04-17 08:22:39,229: Scraped 49 new tweets
2020-04-17 08:22:44,029: Appending to file data/fala.csv. Got 310 columns. Writing 328.
2020-04-17 08:22:46,955: Scraped 49 new tweets
2020-04-17 08:22:51,402: Appending to file data/fala.csv. Got 309 columns. Writing 328.
2020-04-17 08:22:54,271: Scraped 49 new tweets
2020-04-17 08:22:59,154: Appending to file data/fala.csv. Got 305 columns. Writing 328.
2020-04-17 08:23:05,873: Scraped 49 new tweets
2020-04-17 08:23:10,347: Appending to file data/fala.csv. Got 232 columns. Writing 328.
2020-04-17 08:23:12,706: Scraped 49 new tweets
2020-04-17 08:23:18,304: Appending to file data/fala.csv. Got 305 columns. Writing 328.
2020-04-17 08:23:21,094: Scraped 49 new tweets
2020-04-17 08:23:25,818: Appending to file data/fala.csv. Got 248 columns. Writing 328.
2020-04-17 08:23:28,472: Scraped 49 new tweets
2020-04-17 08:23:34,464: Appending to file data/fala.csv. Got 312 columns. Writing 328.
2020-04-17 08:23:37,799: Scraped 49 new tweets
2020-04-17 08:23:44,148: Appending to file data/fala.csv. Got 318 columns. Writing 328.
2020-04-17 08:23:50,057: Scraped 49 new tweets
2020-04-17 08:24:38,943: Appending to file data/fala.csv. Got 308 columns. Writing 328.
2020-04-17 08:24:43,046: Scraped 49 new tweets
2020-04-17 08:26:39,969: Appending to file data/fala.csv. Got 310 columns. Writing 328.
2020-04-17 08:26:43,333: Scraped 49 new tweets
2020-04-17 08:27:45,796: Appending to file data/fala.csv. Got 300 columns. Writing 328.
2020-04-17 08:27:48,794: Scraped 49 new tweets
2020-04-17 08:29:23,383: Appending to file data/fala.csv. Got 312 columns. Writing 328.
2020-04-17 08:29:23,707: Error: 
Failed to send request: HTTPSConnectionPool(host='api.twitter.com', port=443): Max retries exceeded with url: /1.1/search/tweets.json?max_id=1250766442179506179&tweet_mode=extended&q=%23falasprzeciwu+OR+%23FalaSprzeciwu+OR+%23FalaSprzeciwuLive+OR+%23CzarnyProtest+OR+%23czarnyprotest&rt=True (Caused by NewConnectionError('<urllib3.connection.VerifiedHTTPSConnection object at 0x7f68d8ffbdd0>: Failed to establish a new connection: [Errno 101] Network is unreachable')). Waiting 60 seconds
Traceback (most recent call last):
  File "/home/piotr/anaconda3/lib/python3.7/site-packages/urllib3/connection.py", line 157, in _new_conn
    (self._dns_host, self.port), self.timeout, **extra_kw
  File "/home/piotr/anaconda3/lib/python3.7/site-packages/urllib3/util/connection.py", line 84, in create_connection
    raise err
  File "/home/piotr/anaconda3/lib/python3.7/site-packages/urllib3/util/connection.py", line 74, in create_connection
    sock.connect(sa)
OSError: [Errno 101] Network is unreachable

During handling of the above exception, another exception occurred:

Traceback (most recent call last):
  File "/home/piotr/anaconda3/lib/python3.7/site-packages/urllib3/connectionpool.py", line 672, in urlopen
    chunked=chunked,
  File "/home/piotr/anaconda3/lib/python3.7/site-packages/urllib3/connectionpool.py", line 376, in _make_request
    self._validate_conn(conn)
  File "/home/piotr/anaconda3/lib/python3.7/site-packages/urllib3/connectionpool.py", line 994, in _validate_conn
    conn.connect()
  File "/home/piotr/anaconda3/lib/python3.7/site-packages/urllib3/connection.py", line 300, in connect
    conn = self._new_conn()
  File "/home/piotr/anaconda3/lib/python3.7/site-packages/urllib3/connection.py", line 169, in _new_conn
    self, "Failed to establish a new connection: %s" % e
urllib3.exceptions.NewConnectionError: <urllib3.connection.VerifiedHTTPSConnection object at 0x7f68d8ffbdd0>: Failed to establish a new connection: [Errno 101] Network is unreachable

During handling of the above exception, another exception occurred:

Traceback (most recent call last):
  File "/home/piotr/anaconda3/lib/python3.7/site-packages/requests/adapters.py", line 449, in send
    timeout=timeout
  File "/home/piotr/anaconda3/lib/python3.7/site-packages/urllib3/connectionpool.py", line 720, in urlopen
    method, url, error=e, _pool=self, _stacktrace=sys.exc_info()[2]
  File "/home/piotr/anaconda3/lib/python3.7/site-packages/urllib3/util/retry.py", line 436, in increment
    raise MaxRetryError(_pool, url, error or ResponseError(cause))
urllib3.exceptions.MaxRetryError: HTTPSConnectionPool(host='api.twitter.com', port=443): Max retries exceeded with url: /1.1/search/tweets.json?max_id=1250766442179506179&tweet_mode=extended&q=%23falasprzeciwu+OR+%23FalaSprzeciwu+OR+%23FalaSprzeciwuLive+OR+%23CzarnyProtest+OR+%23czarnyprotest&rt=True (Caused by NewConnectionError('<urllib3.connection.VerifiedHTTPSConnection object at 0x7f68d8ffbdd0>: Failed to establish a new connection: [Errno 101] Network is unreachable'))

During handling of the above exception, another exception occurred:

Traceback (most recent call last):
  File "/home/piotr/anaconda3/lib/python3.7/site-packages/tweepy/binder.py", line 189, in execute
    proxies=self.api.proxy)
  File "/home/piotr/anaconda3/lib/python3.7/site-packages/requests/sessions.py", line 530, in request
    resp = self.send(prep, **send_kwargs)
  File "/home/piotr/anaconda3/lib/python3.7/site-packages/requests/sessions.py", line 643, in send
    r = adapter.send(request, **kwargs)
  File "/home/piotr/anaconda3/lib/python3.7/site-packages/requests/adapters.py", line 516, in send
    raise ConnectionError(e, request=request)
requests.exceptions.ConnectionError: HTTPSConnectionPool(host='api.twitter.com', port=443): Max retries exceeded with url: /1.1/search/tweets.json?max_id=1250766442179506179&tweet_mode=extended&q=%23falasprzeciwu+OR+%23FalaSprzeciwu+OR+%23FalaSprzeciwuLive+OR+%23CzarnyProtest+OR+%23czarnyprotest&rt=True (Caused by NewConnectionError('<urllib3.connection.VerifiedHTTPSConnection object at 0x7f68d8ffbdd0>: Failed to establish a new connection: [Errno 101] Network is unreachable'))

During handling of the above exception, another exception occurred:

Traceback (most recent call last):
  File "/home/piotr/projects/twitter/twitter_scrapers.py", line 130, in scrape
    for tweet in cursor: #iterate over limit
  File "/home/piotr/anaconda3/lib/python3.7/site-packages/tweepy/cursor.py", line 47, in __next__
    return self.next()
  File "/home/piotr/anaconda3/lib/python3.7/site-packages/tweepy/cursor.py", line 195, in next
    self.current_page = self.page_iterator.next()
  File "/home/piotr/anaconda3/lib/python3.7/site-packages/tweepy/cursor.py", line 106, in next
    data = self.method(max_id=self.max_id, parser=RawParser(), *self.args, **self.kargs)
  File "/home/piotr/anaconda3/lib/python3.7/site-packages/tweepy/binder.py", line 250, in _call
    return method.execute()
  File "/home/piotr/anaconda3/lib/python3.7/site-packages/tweepy/binder.py", line 191, in execute
    six.reraise(TweepError, TweepError('Failed to send request: %s' % e), sys.exc_info()[2])
  File "/home/piotr/anaconda3/lib/python3.7/site-packages/six.py", line 702, in reraise
    raise value.with_traceback(tb)
  File "/home/piotr/anaconda3/lib/python3.7/site-packages/tweepy/binder.py", line 189, in execute
    proxies=self.api.proxy)
  File "/home/piotr/anaconda3/lib/python3.7/site-packages/requests/sessions.py", line 530, in request
    resp = self.send(prep, **send_kwargs)
  File "/home/piotr/anaconda3/lib/python3.7/site-packages/requests/sessions.py", line 643, in send
    r = adapter.send(request, **kwargs)
  File "/home/piotr/anaconda3/lib/python3.7/site-packages/requests/adapters.py", line 516, in send
    raise ConnectionError(e, request=request)
tweepy.error.TweepError: Failed to send request: HTTPSConnectionPool(host='api.twitter.com', port=443): Max retries exceeded with url: /1.1/search/tweets.json?max_id=1250766442179506179&tweet_mode=extended&q=%23falasprzeciwu+OR+%23FalaSprzeciwu+OR+%23FalaSprzeciwuLive+OR+%23CzarnyProtest+OR+%23czarnyprotest&rt=True (Caused by NewConnectionError('<urllib3.connection.VerifiedHTTPSConnection object at 0x7f68d8ffbdd0>: Failed to establish a new connection: [Errno 101] Network is unreachable'))
2020-04-17 08:30:23,835: Error: 
Failed to send request: HTTPSConnectionPool(host='api.twitter.com', port=443): Max retries exceeded with url: /1.1/search/tweets.json?max_id=1250766442179506179&tweet_mode=extended&q=%23falasprzeciwu+OR+%23FalaSprzeciwu+OR+%23FalaSprzeciwuLive+OR+%23CzarnyProtest+OR+%23czarnyprotest&rt=True (Caused by NewConnectionError('<urllib3.connection.VerifiedHTTPSConnection object at 0x7f68d8ffb650>: Failed to establish a new connection: [Errno 101] Network is unreachable')). Waiting 60 seconds
Traceback (most recent call last):
  File "/home/piotr/anaconda3/lib/python3.7/site-packages/urllib3/connection.py", line 157, in _new_conn
    (self._dns_host, self.port), self.timeout, **extra_kw
  File "/home/piotr/anaconda3/lib/python3.7/site-packages/urllib3/util/connection.py", line 84, in create_connection
    raise err
  File "/home/piotr/anaconda3/lib/python3.7/site-packages/urllib3/util/connection.py", line 74, in create_connection
    sock.connect(sa)
OSError: [Errno 101] Network is unreachable

During handling of the above exception, another exception occurred:

Traceback (most recent call last):
  File "/home/piotr/anaconda3/lib/python3.7/site-packages/urllib3/connectionpool.py", line 672, in urlopen
    chunked=chunked,
  File "/home/piotr/anaconda3/lib/python3.7/site-packages/urllib3/connectionpool.py", line 376, in _make_request
    self._validate_conn(conn)
  File "/home/piotr/anaconda3/lib/python3.7/site-packages/urllib3/connectionpool.py", line 994, in _validate_conn
    conn.connect()
  File "/home/piotr/anaconda3/lib/python3.7/site-packages/urllib3/connection.py", line 300, in connect
    conn = self._new_conn()
  File "/home/piotr/anaconda3/lib/python3.7/site-packages/urllib3/connection.py", line 169, in _new_conn
    self, "Failed to establish a new connection: %s" % e
urllib3.exceptions.NewConnectionError: <urllib3.connection.VerifiedHTTPSConnection object at 0x7f68d8ffb650>: Failed to establish a new connection: [Errno 101] Network is unreachable

During handling of the above exception, another exception occurred:

Traceback (most recent call last):
  File "/home/piotr/anaconda3/lib/python3.7/site-packages/requests/adapters.py", line 449, in send
    timeout=timeout
  File "/home/piotr/anaconda3/lib/python3.7/site-packages/urllib3/connectionpool.py", line 720, in urlopen
    method, url, error=e, _pool=self, _stacktrace=sys.exc_info()[2]
  File "/home/piotr/anaconda3/lib/python3.7/site-packages/urllib3/util/retry.py", line 436, in increment
    raise MaxRetryError(_pool, url, error or ResponseError(cause))
urllib3.exceptions.MaxRetryError: HTTPSConnectionPool(host='api.twitter.com', port=443): Max retries exceeded with url: /1.1/search/tweets.json?max_id=1250766442179506179&tweet_mode=extended&q=%23falasprzeciwu+OR+%23FalaSprzeciwu+OR+%23FalaSprzeciwuLive+OR+%23CzarnyProtest+OR+%23czarnyprotest&rt=True (Caused by NewConnectionError('<urllib3.connection.VerifiedHTTPSConnection object at 0x7f68d8ffb650>: Failed to establish a new connection: [Errno 101] Network is unreachable'))

During handling of the above exception, another exception occurred:

Traceback (most recent call last):
  File "/home/piotr/anaconda3/lib/python3.7/site-packages/tweepy/binder.py", line 189, in execute
    proxies=self.api.proxy)
  File "/home/piotr/anaconda3/lib/python3.7/site-packages/requests/sessions.py", line 530, in request
    resp = self.send(prep, **send_kwargs)
  File "/home/piotr/anaconda3/lib/python3.7/site-packages/requests/sessions.py", line 643, in send
    r = adapter.send(request, **kwargs)
  File "/home/piotr/anaconda3/lib/python3.7/site-packages/requests/adapters.py", line 516, in send
    raise ConnectionError(e, request=request)
requests.exceptions.ConnectionError: HTTPSConnectionPool(host='api.twitter.com', port=443): Max retries exceeded with url: /1.1/search/tweets.json?max_id=1250766442179506179&tweet_mode=extended&q=%23falasprzeciwu+OR+%23FalaSprzeciwu+OR+%23FalaSprzeciwuLive+OR+%23CzarnyProtest+OR+%23czarnyprotest&rt=True (Caused by NewConnectionError('<urllib3.connection.VerifiedHTTPSConnection object at 0x7f68d8ffb650>: Failed to establish a new connection: [Errno 101] Network is unreachable'))

During handling of the above exception, another exception occurred:

Traceback (most recent call last):
  File "/home/piotr/projects/twitter/twitter_scrapers.py", line 130, in scrape
    for tweet in cursor: #iterate over limit
  File "/home/piotr/anaconda3/lib/python3.7/site-packages/tweepy/cursor.py", line 47, in __next__
    return self.next()
  File "/home/piotr/anaconda3/lib/python3.7/site-packages/tweepy/cursor.py", line 195, in next
    self.current_page = self.page_iterator.next()
  File "/home/piotr/anaconda3/lib/python3.7/site-packages/tweepy/cursor.py", line 106, in next
    data = self.method(max_id=self.max_id, parser=RawParser(), *self.args, **self.kargs)
  File "/home/piotr/anaconda3/lib/python3.7/site-packages/tweepy/binder.py", line 250, in _call
    return method.execute()
  File "/home/piotr/anaconda3/lib/python3.7/site-packages/tweepy/binder.py", line 191, in execute
    six.reraise(TweepError, TweepError('Failed to send request: %s' % e), sys.exc_info()[2])
  File "/home/piotr/anaconda3/lib/python3.7/site-packages/six.py", line 702, in reraise
    raise value.with_traceback(tb)
  File "/home/piotr/anaconda3/lib/python3.7/site-packages/tweepy/binder.py", line 189, in execute
    proxies=self.api.proxy)
  File "/home/piotr/anaconda3/lib/python3.7/site-packages/requests/sessions.py", line 530, in request
    resp = self.send(prep, **send_kwargs)
  File "/home/piotr/anaconda3/lib/python3.7/site-packages/requests/sessions.py", line 643, in send
    r = adapter.send(request, **kwargs)
  File "/home/piotr/anaconda3/lib/python3.7/site-packages/requests/adapters.py", line 516, in send
    raise ConnectionError(e, request=request)
tweepy.error.TweepError: Failed to send request: HTTPSConnectionPool(host='api.twitter.com', port=443): Max retries exceeded with url: /1.1/search/tweets.json?max_id=1250766442179506179&tweet_mode=extended&q=%23falasprzeciwu+OR+%23FalaSprzeciwu+OR+%23FalaSprzeciwuLive+OR+%23CzarnyProtest+OR+%23czarnyprotest&rt=True (Caused by NewConnectionError('<urllib3.connection.VerifiedHTTPSConnection object at 0x7f68d8ffb650>: Failed to establish a new connection: [Errno 101] Network is unreachable'))
2020-04-17 08:31:26,555: Scraped 49 new tweets
2020-04-17 08:34:20,153: Appending to file data/fala.csv. Got 304 columns. Writing 328.
2020-04-17 08:34:23,005: Scraped 49 new tweets
